Log file open, 04/27/19 21:37:19
LogWindows: Failed to load 'aqProf.dll' (GetLastError=126)
LogWindows: File 'aqProf.dll' does not exist
LogWindows: Failed to load 'VtuneApi.dll' (GetLastError=126)
LogWindows: File 'VtuneApi.dll' does not exist
LogWindows: Failed to load 'VtuneApi32e.dll' (GetLastError=126)
LogWindows: File 'VtuneApi32e.dll' does not exist
LogInit: Display: Running engine for game: HeavenPath
LogPlatformFile: Not using cached read wrapper
LogInit: Display: RandInit(-1299886545) SRandInit(-1299886545).
LogInit: Read version file with build ID '3944462'
LogInit: Overriding engine version to CL 4033788, compatible CL 3944462
LogInit: Registered custom module enumerator with build ID '3944462'
LogTaskGraph: Started task graph with 5 named threads and 23 total threads with 3 sets of task threads.
LogStats: Stats thread started at 0.298930
LogD3D11RHI: Aftermath initialized
LogICUInternationalization: Display: ICU TimeZone Detection - Raw Offset: +1:00, Platform Override: ''
LogModuleManager: Display: Found up-to-date module file ../../../Engine/Plugins/2D/Paper2D/Binaries/Win64/UE4Editor-Paper2D.dll (API version 3944462).
LogModuleManager: Display: Found up-to-date module file ../../../Engine/Plugins/2D/Paper2D/Binaries/Win64/UE4Editor-Paper2DEditor.dll (API version 3944462).
LogModuleManager: Display: Found up-to-date module file ../../../Engine/Plugins/2D/Paper2D/Binaries/Win64/UE4Editor-PaperSpriteSheetImporter.dll (API version 3944462).
LogModuleManager: Display: Found up-to-date module file ../../../Engine/Plugins/2D/Paper2D/Binaries/Win64/UE4Editor-PaperTiledImporter.dll (API version 3944462).
LogModuleManager: Display: Found up-to-date module file ../../../Engine/Plugins/2D/Paper2D/Binaries/Win64/UE4Editor-SmartSnapping.dll (API version 3944462).
LogModuleManager: Display: Found up-to-date module file ../../../Engine/Plugins/Blendables/LightPropagationVolume/Binaries/Win64/UE4Editor-LightPropagationVolumeRuntime.dll (API version 3944462).
LogModuleManager: Display: Found up-to-date module file ../../../Engine/Plugins/Blendables/LightPropagationVolume/Binaries/Win64/UE4Editor-LightPropagationVolumeEditor.dll (API version 3944462).
LogModuleManager: Display: Found up-to-date module file ../../../Engine/Plugins/Developer/CLionSourceCodeAccess/Binaries/Win64/UE4Editor-CLionSourceCodeAccess.dll (API version 3944462).
LogModuleManager: Display: Found up-to-date module file ../../../Engine/Plugins/Developer/GitSourceControl/Binaries/Win64/UE4Editor-GitSourceControl.dll (API version 3944462).
LogModuleManager: Display: Found up-to-date module file ../../../Engine/Plugins/Developer/PerforceSourceControl/Binaries/Win64/UE4Editor-PerforceSourceControl.dll (API version 3944462).
LogModuleManager: Display: Found up-to-date module file ../../../Engine/Plugins/Developer/SubversionSourceControl/Binaries/Win64/UE4Editor-SubversionSourceControl.dll (API version 3944462).
LogModuleManager: Display: Found up-to-date module file ../../../Engine/Plugins/Developer/UObjectPlugin/Binaries/Win64/UE4Editor-UObjectPlugin.dll (API version 3944462).
LogModuleManager: Display: Found up-to-date module file ../../../Engine/Plugins/Developer/VisualStudioCodeSourceCodeAccess/Binaries/Win64/UE4Editor-VisualStudioCodeSourceCodeAccess.dll (API version 3944462).
LogModuleManager: Display: Found up-to-date module file ../../../Engine/Plugins/Developer/VisualStudioSourceCodeAccess/Binaries/Win64/UE4Editor-VisualStudioSourceCodeAccess.dll (API version 3944462).
LogModuleManager: Display: Found up-to-date module file ../../../Engine/Plugins/Editor/AssetManagerEditor/Binaries/Win64/UE4Editor-AssetManagerEditor.dll (API version 3944462).
LogModuleManager: Display: Found up-to-date module file ../../../Engine/Plugins/Editor/CryptoKeys/Binaries/Win64/UE4Editor-CryptoKeys.dll (API version 3944462).
LogModuleManager: Display: Found up-to-date module file ../../../Engine/Plugins/Editor/CryptoKeys/Binaries/Win64/UE4Editor-CryptoKeysOpenSSL.dll (API version 3944462).
LogModuleManager: Display: Found up-to-date module file ../../../Engine/Plugins/Editor/DataValidation/Binaries/Win64/UE4Editor-DataValidation.dll (API version 3944462).
LogModuleManager: Display: Found up-to-date module file ../../../Engine/Plugins/Editor/FacialAnimation/Binaries/Win64/UE4Editor-FacialAnimation.dll (API version 3944462).
LogModuleManager: Display: Found up-to-date module file ../../../Engine/Plugins/Editor/FacialAnimation/Binaries/Win64/UE4Editor-FacialAnimationEditor.dll (API version 3944462).
LogModuleManager: Display: Found up-to-date module file ../../../Engine/Plugins/Editor/GameplayTagsEditor/Binaries/Win64/UE4Editor-GameplayTagsEditor.dll (API version 3944462).
LogModuleManager: Display: Found up-to-date module file ../../../Engine/Plugins/Editor/MobileLauncherProfileWizard/Binaries/Win64/UE4Editor-MobileLauncherProfileWizard.dll (API version 3944462).
LogModuleManager: Display: Found up-to-date module file ../../../Engine/Plugins/Editor/PluginBrowser/Binaries/Win64/UE4Editor-PluginBrowser.dll (API version 3944462).
LogModuleManager: Display: Found up-to-date module file ../../../Engine/Plugins/Editor/SpeedTreeImporter/Binaries/Win64/UE4Editor-SpeedTreeImporter.dll (API version 3944462).
LogModuleManager: Display: Found up-to-date module file ../../../Engine/Plugins/Enterprise/DatasmithContent/Binaries/Win64/UE4Editor-DatasmithContent.dll (API version 3944462).
LogModuleManager: Display: Found up-to-date module file ../../../Engine/Plugins/Experimental/AlembicImporter/Binaries/Win64/UE4Editor-AlembicImporter.dll (API version 3944462).
LogModuleManager: Display: Found up-to-date module file ../../../Engine/Plugins/Experimental/AlembicImporter/Binaries/Win64/UE4Editor-AlembicLibrary.dll (API version 3944462).
LogModuleManager: Display: Found up-to-date module file ../../../Engine/Plugins/Experimental/CharacterAI/Binaries/Win64/UE4Editor-CharacterAI.dll (API version 3944462).
LogModuleManager: Display: Found up-to-date module file ../../../Engine/Plugins/Experimental/HTML5Networking/Binaries/Win64/UE4Editor-HTML5Networking.dll (API version 3944462).
LogModuleManager: Display: Found up-to-date module file ../../../Engine/Plugins/Media/AndroidMedia/Binaries/Win64/UE4Editor-AndroidMediaEditor.dll (API version 3944462).
LogModuleManager: Display: Found up-to-date module file ../../../Engine/Plugins/Media/AndroidMedia/Binaries/Win64/UE4Editor-AndroidMediaFactory.dll (API version 3944462).
LogModuleManager: Display: Found up-to-date module file ../../../Engine/Plugins/Media/AvfMedia/Binaries/Win64/UE4Editor-AvfMediaEditor.dll (API version 3944462).
LogModuleManager: Display: Found up-to-date module file ../../../Engine/Plugins/Media/AvfMedia/Binaries/Win64/UE4Editor-AvfMediaFactory.dll (API version 3944462).
LogModuleManager: Display: Found up-to-date module file ../../../Engine/Plugins/Media/AvfMedia/Binaries/Win64/UE4Editor-AvfMediaFactory.dll (API version 3944462).
LogModuleManager: Display: Found up-to-date module file ../../../Engine/Plugins/Media/ImgMedia/Binaries/Win64/UE4Editor-ImgMedia.dll (API version 3944462).
LogModuleManager: Display: Found up-to-date module file ../../../Engine/Plugins/Media/ImgMedia/Binaries/Win64/UE4Editor-ImgMediaEditor.dll (API version 3944462).
LogModuleManager: Display: Found up-to-date module file ../../../Engine/Plugins/Media/ImgMedia/Binaries/Win64/UE4Editor-ImgMediaFactory.dll (API version 3944462).
LogModuleManager: Display: Found up-to-date module file ../../../Engine/Plugins/Media/ImgMedia/Binaries/Win64/UE4Editor-ImgMediaFactory.dll (API version 3944462).
LogModuleManager: Display: Found up-to-date module file ../../../Engine/Plugins/Media/ImgMedia/Binaries/Win64/UE4Editor-OpenExrWrapper.dll (API version 3944462).
LogModuleManager: Display: Found up-to-date module file ../../../Engine/Plugins/Media/LinearTimecode/Binaries/Win64/UE4Editor-LinearTimecode.dll (API version 3944462).
LogModuleManager: Display: Found up-to-date module file ../../../Engine/Plugins/Media/MediaCompositing/Binaries/Win64/UE4Editor-MediaCompositing.dll (API version 3944462).
LogModuleManager: Display: Found up-to-date module file ../../../Engine/Plugins/Media/MediaCompositing/Binaries/Win64/UE4Editor-MediaCompositingEditor.dll (API version 3944462).
LogModuleManager: Display: Found up-to-date module file ../../../Engine/Plugins/Media/MediaPlayerEditor/Binaries/Win64/UE4Editor-MediaPlayerEditor.dll (API version 3944462).
LogModuleManager: Display: Found up-to-date module file ../../../Engine/Plugins/Media/WmfMedia/Binaries/Win64/UE4Editor-WmfMedia.dll (API version 3944462).
LogModuleManager: Display: Found up-to-date module file ../../../Engine/Plugins/Media/WmfMedia/Binaries/Win64/UE4Editor-WmfMediaEditor.dll (API version 3944462).
LogModuleManager: Display: Found up-to-date module file ../../../Engine/Plugins/Media/WmfMedia/Binaries/Win64/UE4Editor-WmfMediaFactory.dll (API version 3944462).
LogModuleManager: Display: Found up-to-date module file ../../../Engine/Plugins/Media/WmfMedia/Binaries/Win64/UE4Editor-WmfMediaFactory.dll (API version 3944462).
LogModuleManager: Display: Found up-to-date module file ../../../Engine/Plugins/Messaging/TcpMessaging/Binaries/Win64/UE4Editor-TcpMessaging.dll (API version 3944462).
LogModuleManager: Display: Found up-to-date module file ../../../Engine/Plugins/Messaging/UdpMessaging/Binaries/Win64/UE4Editor-UdpMessaging.dll (API version 3944462).
LogModuleManager: Display: Found up-to-date module file ../../../Engine/Plugins/MovieScene/ActorSequence/Binaries/Win64/UE4Editor-ActorSequence.dll (API version 3944462).
LogModuleManager: Display: Found up-to-date module file ../../../Engine/Plugins/MovieScene/LevelSequenceEditor/Binaries/Win64/UE4Editor-LevelSequenceEditor.dll (API version 3944462).
LogModuleManager: Display: Found up-to-date module file ../../../Engine/Plugins/MovieScene/MatineeToLevelSequence/Binaries/Win64/UE4Editor-MatineeToLevelSequence.dll (API version 3944462).
LogModuleManager: Display: Found up-to-date module file ../../../Engine/Plugins/NetcodeUnitTest/NetcodeUnitTest/Binaries/Win64/UE4Editor-NetcodeUnitTest.dll (API version 3944462).
LogModuleManager: Display: Found up-to-date module file ../../../Engine/Plugins/NetcodeUnitTest/NUTUnrealEngine4/Binaries/Win64/UE4Editor-NUTUnrealEngine4.dll (API version 3944462).
LogModuleManager: Display: Found up-to-date module file ../../../Engine/Plugins/Online/OnlineSubsystem/Binaries/Win64/UE4Editor-OnlineSubsystem.dll (API version 3944462).
LogModuleManager: Display: Found up-to-date module file ../../../Engine/Plugins/Runtime/AndroidPermission/Binaries/Win64/UE4Editor-AndroidPermission.dll (API version 3944462).
LogModuleManager: Display: Found up-to-date module file ../../../Engine/Plugins/Online/OnlineSubsystemNull/Binaries/Win64/UE4Editor-OnlineSubsystemNull.dll (API version 3944462).
LogModuleManager: Display: Found up-to-date module file ../../../Engine/Plugins/Online/OnlineSubsystemUtils/Binaries/Win64/UE4Editor-OnlineSubsystemUtils.dll (API version 3944462).
LogModuleManager: Display: Found up-to-date module file ../../../Engine/Plugins/Online/OnlineSubsystemUtils/Binaries/Win64/UE4Editor-OnlineBlueprintSupport.dll (API version 3944462).
LogModuleManager: Display: Found up-to-date module file ../../../Engine/Plugins/Runtime/AndroidDeviceProfileSelector/Binaries/Win64/UE4Editor-AndroidDeviceProfileSelector.dll (API version 3944462).
LogModuleManager: Display: Found up-to-date module file ../../../Engine/Plugins/Runtime/AppleARKit/Binaries/Win64/UE4Editor-AppleARKit.dll (API version 3944462).
LogModuleManager: Display: Found up-to-date module file ../../../Engine/Plugins/Runtime/ProceduralMeshComponent/Binaries/Win64/UE4Editor-ProceduralMeshComponent.dll (API version 3944462).
LogModuleManager: Display: Found up-to-date module file ../../../Engine/Plugins/Runtime/ProceduralMeshComponent/Binaries/Win64/UE4Editor-ProceduralMeshComponentEditor.dll (API version 3944462).
LogModuleManager: Display: Found up-to-date module file ../../../Engine/Plugins/Animation/LiveLink/Binaries/Win64/UE4Editor-LiveLink.dll (API version 3944462).
LogModuleManager: Display: Found up-to-date module file ../../../Engine/Plugins/Animation/LiveLink/Binaries/Win64/UE4Editor-LiveLinkEditor.dll (API version 3944462).
LogModuleManager: Display: Found up-to-date module file ../../../Engine/Plugins/Runtime/ArchVisCharacter/Binaries/Win64/UE4Editor-ArchVisCharacter.dll (API version 3944462).
LogModuleManager: Display: Found up-to-date module file ../../../Engine/Plugins/Runtime/AudioCapture/Binaries/Win64/UE4Editor-AudioCapture.dll (API version 3944462).
LogModuleManager: Display: Found up-to-date module file ../../../Engine/Plugins/Runtime/AudioCapture/Binaries/Win64/UE4Editor-AudioCaptureEditor.dll (API version 3944462).
LogModuleManager: Display: Found up-to-date module file ../../../Engine/Plugins/Runtime/CableComponent/Binaries/Win64/UE4Editor-CableComponent.dll (API version 3944462).
LogModuleManager: Display: Found up-to-date module file ../../../Engine/Plugins/Runtime/CustomMeshComponent/Binaries/Win64/UE4Editor-CustomMeshComponent.dll (API version 3944462).
LogModuleManager: Display: Found up-to-date module file ../../../Engine/Plugins/Runtime/ExampleDeviceProfileSelector/Binaries/Win64/UE4Editor-ExampleDeviceProfileSelector.dll (API version 3944462).
LogModuleManager: Display: Found up-to-date module file ../../../Engine/Plugins/Runtime/ImmediatePhysics/Binaries/Win64/UE4Editor-ImmediatePhysics.dll (API version 3944462).
LogModuleManager: Display: Found up-to-date module file ../../../Engine/Plugins/Runtime/ImmediatePhysics/Binaries/Win64/UE4Editor-ImmediatePhysicsEditor.dll (API version 3944462).
LogModuleManager: Display: Found up-to-date module file ../../../Engine/Plugins/Runtime/LocationServicesBPLibrary/Binaries/Win64/UE4Editor-LocationServicesBPLibrary.dll (API version 3944462).
LogModuleManager: Display: Found up-to-date module file ../../../Engine/Plugins/Runtime/MobilePatchingUtils/Binaries/Win64/UE4Editor-MobilePatchingUtils.dll (API version 3944462).
LogModuleManager: Display: Found up-to-date module file ../../../Engine/Plugins/Runtime/Oculus/OculusVR/Binaries/Win64/UE4Editor-OculusHMD.dll (API version 3944462).
LogModuleManager: Display: Found up-to-date module file ../../../Engine/Plugins/Runtime/Oculus/OculusVR/Binaries/Win64/UE4Editor-OculusInput.dll (API version 3944462).
LogModuleManager: Display: Found up-to-date module file ../../../Engine/Plugins/Runtime/Oculus/OculusVR/Binaries/Win64/UE4Editor-OculusEditor.dll (API version 3944462).
LogModuleManager: Display: Found up-to-date module file ../../../Engine/Plugins/Runtime/PhysXVehicles/Binaries/Win64/UE4Editor-PhysXVehicles.dll (API version 3944462).
LogModuleManager: Display: Found up-to-date module file ../../../Engine/Plugins/Runtime/PhysXVehicles/Binaries/Win64/UE4Editor-PhysXVehiclesEditor.dll (API version 3944462).
LogModuleManager: Display: Found up-to-date module file ../../../Engine/Plugins/Runtime/RuntimePhysXCooking/Binaries/Win64/UE4Editor-RuntimePhysXCooking.dll (API version 3944462).
LogModuleManager: Display: Found up-to-date module file ../../../Engine/Plugins/Runtime/Steam/SteamVR/Binaries/Win64/UE4Editor-SteamVR.dll (API version 3944462).
LogModuleManager: Display: Found up-to-date module file ../../../Engine/Plugins/Runtime/Steam/SteamVR/Binaries/Win64/UE4Editor-SteamVRController.dll (API version 3944462).
LogModuleManager: Display: Found up-to-date module file ../../../Engine/Plugins/Runtime/WindowsMoviePlayer/Binaries/Win64/UE4Editor-WindowsMoviePlayer.dll (API version 3944462).
LogPluginManager: Mounting plugin Paper2D
LogPluginManager: Mounting plugin LiveLink
LogPluginManager: Mounting plugin LightPropagationVolume
LogPluginManager: Mounting plugin CLionSourceCodeAccess
LogPluginManager: Mounting plugin CodeLiteSourceCodeAccess
LogPluginManager: Mounting plugin GitSourceControl
LogPluginManager: Mounting plugin KDevelopSourceCodeAccess
LogPluginManager: Mounting plugin NullSourceCodeAccess
LogPluginManager: Mounting plugin PerforceSourceControl
LogPluginManager: Mounting plugin SubversionSourceControl
LogPluginManager: Mounting plugin UObjectPlugin
LogPluginManager: Mounting plugin VisualStudioCodeSourceCodeAccess
LogPluginManager: Mounting plugin VisualStudioSourceCodeAccess
LogPluginManager: Mounting plugin XCodeSourceCodeAccess
LogPluginManager: Mounting plugin AssetManagerEditor
LogPluginManager: Mounting plugin CryptoKeys
LogPluginManager: Mounting plugin DataValidation
LogPluginManager: Mounting plugin FacialAnimation
LogPluginManager: Mounting plugin GameplayTagsEditor
LogPluginManager: Mounting plugin MobileLauncherProfileWizard
LogPluginManager: Mounting plugin PluginBrowser
LogPluginManager: Mounting plugin SpeedTreeImporter
LogPluginManager: Mounting plugin DatasmithContent
LogPluginManager: Mounting plugin AlembicImporter
LogPluginManager: Mounting plugin CharacterAI
LogPluginManager: Mounting plugin HTML5Networking
LogPluginManager: Mounting plugin AndroidMedia
LogPluginManager: Mounting plugin AvfMedia
LogPluginManager: Mounting plugin ImgMedia
LogPluginManager: Mounting plugin LinearTimecode
LogPluginManager: Mounting plugin MediaCompositing
LogPluginManager: Mounting plugin MediaPlayerEditor
LogPluginManager: Mounting plugin WmfMedia
LogPluginManager: Mounting plugin TcpMessaging
LogPluginManager: Mounting plugin UdpMessaging
LogPluginManager: Mounting plugin ActorSequence
LogPluginManager: Mounting plugin LevelSequenceEditor
LogPluginManager: Mounting plugin MatineeToLevelSequence
LogPluginManager: Mounting plugin NetcodeUnitTest
LogPluginManager: Mounting plugin NUTUnrealEngine4
LogPluginManager: Mounting plugin OnlineSubsystemGooglePlay
LogPluginManager: Mounting plugin OnlineSubsystemIOS
LogPluginManager: Mounting plugin OnlineSubsystem
LogPluginManager: Mounting plugin OnlineSubsystemNull
LogPluginManager: Mounting plugin OnlineSubsystemUtils
LogPluginManager: Mounting plugin AndroidDeviceProfileSelector
LogPluginManager: Mounting plugin AndroidMoviePlayer
LogPluginManager: Mounting plugin AndroidPermission
LogPluginManager: Mounting plugin AppleARKit
LogPluginManager: Mounting plugin AppleMoviePlayer
LogPluginManager: Mounting plugin ArchVisCharacter
LogPluginManager: Mounting plugin AudioCapture
LogPluginManager: Mounting plugin CableComponent
LogPluginManager: Mounting plugin CustomMeshComponent
LogPluginManager: Mounting plugin ExampleDeviceProfileSelector
LogPluginManager: Mounting plugin GoogleCloudMessaging
LogPluginManager: Mounting plugin ImmediatePhysics
LogPluginManager: Mounting plugin IOSDeviceProfileSelector
LogPluginManager: Mounting plugin LinuxDeviceProfileSelector
LogPluginManager: Mounting plugin LocationServicesBPLibrary
LogPluginManager: Mounting plugin MobilePatchingUtils
LogPluginManager: Mounting plugin OculusVR
LogPluginManager: Plugin shader directory ../../../Engine/Plugins/Runtime/Oculus/OculusVR/Shaders found
LogPluginManager: Mapping shader source directory ../../../Engine/Plugins/Runtime/Oculus/OculusVR/Shaders to virtual directory /Plugin/OculusVR
LogPluginManager: Mounting plugin PhysXVehicles
LogPluginManager: Mounting plugin ProceduralMeshComponent
LogPluginManager: Mounting plugin RuntimePhysXCooking
LogPluginManager: Mounting plugin SteamVR
LogPluginManager: Mounting plugin WindowsMoviePlayer
LogStreaming: Display: Took  1.633s to configure plugins.
LogInit: Using libcurl 7.47.1
LogInit:  - built for x86_64-pc-win32
LogInit:  - supports SSL with OpenSSL/1.0.2g
LogInit:  - supports HTTP deflate (compression) using libz 1.2.8
LogInit:  - other features:
LogInit:      CURL_VERSION_SSL
LogInit:      CURL_VERSION_LIBZ
LogInit:      CURL_VERSION_IPV6
LogInit:      CURL_VERSION_ASYNCHDNS
LogInit:      CURL_VERSION_LARGEFILE
LogInit:      CURL_VERSION_IDN
LogInit:  CurlRequestOptions (configurable via config and command line):
LogInit:  - bVerifyPeer = false  - Libcurl will NOT verify peer certificate
LogInit:  - bUseHttpProxy = false  - Libcurl will NOT use HTTP proxy
LogInit:  - bDontReuseConnections = false  - Libcurl will reuse connections
LogInit:  - CertBundlePath = nullptr  - Libcurl will use whatever was configured at build time.
LogInit:  - MaxHostConnections = 16  - Libcurl will limit the number of connections to a host
LogInit:  - LocalHostAddr = Default
LogInit: WinSock: version 1.1 (2.2), MaxSocks=32767, MaxUdp=65467
LogInit: WinSock: I am DESKTOP-BLN4QPH (10.13.251.243:0)
LogInit: Build: ++UE4+Release-4.19-CL-4033788
LogInit: Engine Version: 4.19.2-4033788+++UE4+Release-4.19
LogInit: Compatible Engine Version: 4.19.0-3944462+++UE4+Release-4.19
LogInit: Net CL: 3944462
LogDevObjectVersion: Number of dev versions registered: 18
LogDevObjectVersion:   Dev-Blueprints (B0D832E4-1F89-4F0D-ACCF-7EB736FD4AA2): 10
LogDevObjectVersion:   Dev-Build (E1C64328-A22C-4D53-A36C-8E866417BD8C): 0
LogDevObjectVersion:   Dev-Core (375EC13C-06E4-48FB-B500-84F0262A717E): 2
LogDevObjectVersion:   Dev-Editor (E4B068ED-F494-42E9-A231-DA0B2E46BB41): 23
LogDevObjectVersion:   Dev-Framework (CFFC743F-43B0-4480-9391-14DF171D2073): 33
LogDevObjectVersion:   Dev-Mobile (B02B49B5-BB20-44E9-A304-32B752E40360): 2
LogDevObjectVersion:   Dev-Networking (A4E4105C-59A1-49B5-A7C5-40C4547EDFEE): 0
LogDevObjectVersion:   Dev-Online (39C831C9-5AE6-47DC-9A44-9C173E1C8E7C): 0
LogDevObjectVersion:   Dev-Physics (78F01B33-EBEA-4F98-B9B4-84EACCB95AA2): 0
LogDevObjectVersion:   Dev-Platform (6631380F-2D4D-43E0-8009-CF276956A95A): 0
LogDevObjectVersion:   Dev-Rendering (12F88B9F-8875-4AFC-A67C-D90C383ABD29): 25
LogDevObjectVersion:   Dev-Sequencer (7B5AE74C-D270-4C10-A958-57980B212A5A): 6
LogDevObjectVersion:   Dev-VR (D7296918-1DD6-4BDD-9DE2-64A83CC13884): 1
LogDevObjectVersion:   Dev-LoadTimes (C2A15278-BFE7-4AFE-6C17-90FF531DF755): 1
LogDevObjectVersion:   Private-Geometry (6EACA3D4-40EC-4CC1-B786-8BED09428FC5): 2
LogDevObjectVersion:   Dev-AnimPhys (29E575DD-E0A3-4627-9D10-D276232CDCEA): 16
LogDevObjectVersion:   Dev-ReflectionCapture (6B266CEC-1EC7-4B8F-A30B-E4D90942FC07): 1
LogDevObjectVersion:   Dev-Automation (0DF73D61-A23F-47EA-B727-89E90C41499A): 1
LogInit: Compiled (64-bit): Apr 27 2018 02:06:57
LogInit: Compiled with Visual C++: 19.00.24215.01
LogInit: Build Configuration: Development
LogInit: Branch Name: ++UE4+Release-4.19
LogInit: Command Line:  
LogInit: Base Directory: C:/Program Files/Epic Games/UE_4.19/Engine/Binaries/Win64/
LogInit: Installed Engine Build: 1
LogStreaming: Display: Took  0.000s to delete old logs.
LogInit: Presizing for max 8388607 objects, including 0 objects not considered by GC, pre-allocating 0 bytes for permanent pool.
LogInit: Object subsystem initialized
[2019.04.27-19.37.21:580][  0]LogInit: Selected Device Profile: [Windows]
[2019.04.27-19.37.21:580][  0]LogInit: Applying CVar settings loaded from the selected device profile: [Windows]
[2019.04.27-19.37.21:594][  0]LogInit: Computer: DESKTOP-BLN4QPH
[2019.04.27-19.37.21:594][  0]LogInit: User: William
[2019.04.27-19.37.21:594][  0]LogInit: CPU Page size=4096, Cores=4
[2019.04.27-19.37.21:594][  0]LogInit: High frequency timer resolution =2.531252 MHz
[2019.04.27-19.37.21:595][  0]LogMemory: Memory total: Physical=15.9GB (16GB approx)
[2019.04.27-19.37.21:595][  0]LogMemory: Platform Memory Stats for Windows
[2019.04.27-19.37.21:595][  0]LogMemory: Process Physical Memory: 275.46 MB used, 275.46 MB peak
[2019.04.27-19.37.21:595][  0]LogMemory: Process Virtual Memory: 272.89 MB used, 272.89 MB peak
[2019.04.27-19.37.21:595][  0]LogMemory: Physical Memory: 5481.30 MB used,  10783.30 MB free, 16264.59 MB total
[2019.04.27-19.37.21:595][  0]LogMemory: Virtual Memory: 4803.55 MB used,  10783.30 MB free, 134217728.00 MB total
[2019.04.27-19.37.21:615][  0]LogInit: Using OS detected language (fr-FR).
[2019.04.27-19.37.21:615][  0]LogInit: Using OS detected locale (fr-FR).
[2019.04.27-19.37.21:618][  0]LogTextLocalizationManager: No localization for 'fr-FR' exists, so 'en' will be used for the language.
[2019.04.27-19.37.22:064][  0]LogStreaming: Display: Took  0.449s to EndInitTextLocalization.
[2019.04.27-19.37.22:064][  0]LogInit: Setting process to per monitor DPI aware
[2019.04.27-19.37.22:100][  0]LogSlate: New Slate User Created.  User Index 0, Is Virtual User: 0
[2019.04.27-19.37.22:100][  0]LogSlate: Slate User Registered.  User Index 0, Is Virtual User: 0
[2019.04.27-19.37.22:358][  0]LogD3D11RHI: D3D11 adapters:
[2019.04.27-19.37.22:415][  0]LogD3D11RHI:    0. 'NVIDIA Quadro M1000M' (Feature Level 11_0)
[2019.04.27-19.37.22:415][  0]LogD3D11RHI:       4063/0/8132 MB DedicatedVideo/DedicatedSystem/SharedSystem, Outputs:1, VendorId:0x10de
[2019.04.27-19.37.22:424][  0]LogD3D11RHI:    1. 'Intel(R) HD Graphics 530' (Feature Level 11_0)
[2019.04.27-19.37.22:424][  0]LogD3D11RHI:       128/0/8132 MB DedicatedVideo/DedicatedSystem/SharedSystem, Outputs:0, VendorId:0x8086
[2019.04.27-19.37.22:426][  0]LogD3D11RHI:    2. 'Microsoft Basic Render Driver' (Feature Level 11_0)
[2019.04.27-19.37.22:426][  0]LogD3D11RHI:       0/0/8132 MB DedicatedVideo/DedicatedSystem/SharedSystem, Outputs:0, VendorId:0x1414
[2019.04.27-19.37.22:426][  0]LogD3D11RHI: Chosen D3D11 Adapter: 0
[2019.04.27-19.37.22:459][  0]LogD3D11RHI: Creating new Direct3DDevice
[2019.04.27-19.37.22:459][  0]LogD3D11RHI:     GPU DeviceId: 0x13b1 (for the marketing name, search the web for "GPU Device Id")
[2019.04.27-19.37.22:459][  0]LogWindows: EnumDisplayDevices:
[2019.04.27-19.37.22:459][  0]LogWindows:    0. 'Intel(R) HD Graphics 530' (P:1 D:1)
[2019.04.27-19.37.22:460][  0]LogWindows:    1. 'Intel(R) HD Graphics 530' (P:0 D:0)
[2019.04.27-19.37.22:460][  0]LogWindows:    2. 'Intel(R) HD Graphics 530' (P:0 D:0)
[2019.04.27-19.37.22:460][  0]LogWindows:    3. 'NVIDIA Quadro M1000M' (P:0 D:0)
[2019.04.27-19.37.22:460][  0]LogWindows:    4. 'NVIDIA Quadro M1000M' (P:0 D:0)
[2019.04.27-19.37.22:461][  0]LogWindows:    5. 'NVIDIA Quadro M1000M' (P:0 D:0)
[2019.04.27-19.37.22:461][  0]LogWindows:    6. 'NVIDIA Quadro M1000M' (P:0 D:0)
[2019.04.27-19.37.22:461][  0]LogWindows: DebugString: GetVideoDriverDetailsInvalid PrimaryIsNotTheChoosenAdapter GetVideoDriverDetailsInvalid PrimaryIsNotTheChoosenAdapter GetVideoDriverDetailsInvalid PrimaryIsNotTheChoosenAdapter GetVideoDriverDetailsInvalid PrimaryIsNotTheChoosenAdapter GetVideoDriverDetailsInvalid PrimaryIsNotTheChoosenAdapter GetVideoDriverDetailsInvalid PrimaryIsNotTheChoosenAdapter GetVideoDriverDetailsInvalid PrimaryIsNotTheChoosenAdapter FoundDriverCount:0 
[2019.04.27-19.37.22:461][  0]LogD3D11RHI:     Adapter Name: NVIDIA Quadro M1000M
[2019.04.27-19.37.22:461][  0]LogD3D11RHI:   Driver Version: Unknown (internal:Unknown, unified:Unknown)
[2019.04.27-19.37.22:461][  0]LogD3D11RHI:      Driver Date: Unknown
[2019.04.27-19.37.22:461][  0]LogRHI: Texture pool is 2844 MB (70% of 4063 MB)
[2019.04.27-19.37.22:501][  0]LogD3D11RHI: [Aftermath] Aftermath enabled but failed to initialize
[2019.04.27-19.37.22:501][  0]LogD3D11RHI: [Aftermath] Aftermath enabled and primed
[2019.04.27-19.37.22:501][  0]LogD3D11RHI: Async texture creation enabled
[2019.04.27-19.37.22:515][  0]LogD3D11RHI: GPU Timing Frequency: 1000.000000 (Debug: 2 1)
[2019.04.27-19.37.22:517][  0]LogShaderCompilers: Guid format shader working directory is 8 characters bigger than the processId version (G:/Heaven'sPath/ProjetUnreal/HeavenPath/Intermediate/Shaders/WorkingDirectory/15040/).
[2019.04.27-19.37.22:517][  0]LogShaderCompilers: Cleaned the shader compiler working directory 'C:/Users/William/AppData/Local/Temp/UnrealShaderWorkingDir/B2E5ABD04FF2EC5EF04CAE9698DE416E/'.
[2019.04.27-19.37.22:764][  0]LogTemp: Display: Loaded TP AllDesktopTargetPlatform
[2019.04.27-19.37.22:779][  0]LogTemp: Display: Loaded TP MacClientTargetPlatform
[2019.04.27-19.37.22:794][  0]LogTemp: Display: Loaded TP MacNoEditorTargetPlatform
[2019.04.27-19.37.22:808][  0]LogTemp: Display: Loaded TP MacServerTargetPlatform
[2019.04.27-19.37.22:824][  0]LogTemp: Display: Loaded TP MacTargetPlatform
[2019.04.27-19.37.22:838][  0]LogTemp: Display: Loaded TP WindowsClientTargetPlatform
[2019.04.27-19.37.22:853][  0]LogTemp: Display: Loaded TP WindowsNoEditorTargetPlatform
[2019.04.27-19.37.22:867][  0]LogTemp: Display: Loaded TP WindowsServerTargetPlatform
[2019.04.27-19.37.22:875][  0]LogTemp: Display: Loaded TP WindowsTargetPlatform
[2019.04.27-19.37.22:887][  0]LogTemp: Display: Loaded TP Android_ASTCTargetPlatform
[2019.04.27-19.37.22:899][  0]LogTemp: Display: Loaded TP Android_ATCTargetPlatform
[2019.04.27-19.37.22:911][  0]LogTemp: Display: Loaded TP Android_DXTTargetPlatform
[2019.04.27-19.37.22:923][  0]LogTemp: Display: Loaded TP Android_ETC1aTargetPlatform
[2019.04.27-19.37.22:935][  0]LogTemp: Display: Loaded TP Android_ETC1TargetPlatform
[2019.04.27-19.37.22:947][  0]LogTemp: Display: Loaded TP Android_ETC2TargetPlatform
[2019.04.27-19.37.22:972][  0]LogTemp: Display: Loaded TP Android_MultiTargetPlatform
[2019.04.27-19.37.22:972][  0]LogTemp: Display: Loaded TP Android_PVRTCTargetPlatform
[2019.04.27-19.37.22:985][  0]LogTemp: Display: Loaded TP AndroidTargetPlatform
[2019.04.27-19.37.22:986][  0]LogTemp: Display: Loaded TP HTML5TargetPlatform
[2019.04.27-19.37.23:026][  0]LogTemp: Display: Loaded TP IOSTargetPlatform
[2019.04.27-19.37.23:051][  0]LogTemp: Display: Loaded TP TVOSTargetPlatform
[2019.04.27-19.37.23:063][  0]LogTemp: Display: Loaded TP LinuxClientTargetPlatform
[2019.04.27-19.37.23:076][  0]LogTemp: Display: Loaded TP LinuxNoEditorTargetPlatform
[2019.04.27-19.37.23:089][  0]LogTemp: Display: Loaded TP LinuxServerTargetPlatform
[2019.04.27-19.37.23:102][  0]LogTemp: Display: Loaded TP LinuxTargetPlatform
[2019.04.27-19.37.23:102][  0]LogTargetPlatformManager: Display: Building Assets For Windows
[2019.04.27-19.37.23:240][  0]LogXGEController: Cannot use XGE Controller as Incredibuild is not installed on this machine.
[2019.04.27-19.37.23:241][  0]LogShaderCompilers: Cannot use XGE Shader Compiler as Incredibuild is not installed on this machine.
[2019.04.27-19.37.23:241][  0]LogShaderCompilers: Display: Using Local Shader Compiler.
[2019.04.27-19.37.23:986][  0]LogDerivedDataCache: Display: Max Cache Size: 512 MB
[2019.04.27-19.37.24:064][  0]LogDerivedDataCache: Loaded boot cache 0.08s 87MB C:/Users/William/AppData/Local/UnrealEngine/4.19/DerivedDataCache/Boot.ddc.
[2019.04.27-19.37.24:064][  0]LogDerivedDataCache: Display: Loaded Boot cache: C:/Users/William/AppData/Local/UnrealEngine/4.19/DerivedDataCache/Boot.ddc
[2019.04.27-19.37.24:064][  0]LogDerivedDataCache: FDerivedDataBackendGraph:  Pak pak cache file G:/Heaven'sPath/ProjetUnreal/HeavenPath/DerivedDataCache/DDC.ddp not found, will not use a pak cache.
[2019.04.27-19.37.24:064][  0]LogDerivedDataCache: Unable to find inner node Pak for hierarchical cache Hierarchy.
[2019.04.27-19.37.24:064][  0]LogDerivedDataCache: FDerivedDataBackendGraph:  CompressedPak pak cache file G:/Heaven'sPath/ProjetUnreal/HeavenPath/DerivedDataCache/Compressed.ddp not found, will not use a pak cache.
[2019.04.27-19.37.24:064][  0]LogDerivedDataCache: Unable to find inner node CompressedPak for hierarchical cache Hierarchy.
[2019.04.27-19.37.24:080][  0]LogDerivedDataCache: Display: Pak cache opened for reading ../../../Engine/DerivedDataCache/Compressed.ddp.
[2019.04.27-19.37.24:093][  0]LogDerivedDataCache: Using Local data cache path C:/Users/William/AppData/Local/UnrealEngine/Common/DerivedDataCache: Writable
[2019.04.27-19.37.24:093][  0]LogDerivedDataCache: Shared data cache path not found in *engine.ini, will not use an Shared cache.
[2019.04.27-19.37.24:093][  0]LogDerivedDataCache: Unable to find inner node Shared for hierarchical cache Hierarchy.
[2019.04.27-19.37.24:105][  0]LogMaterial: Verifying Global Shaders for PCD3D_SM5
[2019.04.27-19.37.24:106][  0]LogSlate: Using Freetype 2.6.0
[2019.04.27-19.37.24:106][  0]LogSlate: SlateFontCache - WITH_FREETYPE: 1, WITH_HARFBUZZ: 1
[2019.04.27-19.37.24:106][  0]LogSlate: SlateFontCache - WITH_FREETYPE: 1, WITH_HARFBUZZ: 1
[2019.04.27-19.37.24:240][  0]LogAssetRegistry: FAssetRegistry took 0.0267 seconds to start up
[2019.04.27-19.37.24:554][  0]LogInit: Selected Device Profile: [Windows]
[2019.04.27-19.37.24:721][  0]LogSimplygon: Simplygon DLL not present - disabling.
[2019.04.27-19.37.24:725][  0]LogMeshReduction: Using SimplygonSwarm for distributed automatic mesh merging
[2019.04.27-19.37.24:725][  0]LogMeshReduction: Using QuadricMeshReduction for automatic static mesh reduction
[2019.04.27-19.37.24:725][  0]LogMeshReduction: No automatic skeletal mesh reduction module available
[2019.04.27-19.37.24:725][  0]LogMeshReduction: No automatic mesh merging module available
[2019.04.27-19.37.24:725][  0]LogMeshMerging: No automatic mesh merging module available
[2019.04.27-19.37.24:762][  0]LogNetVersion: HeavenPath , NetCL: 3944462, EngineNetVer: 2, GameNetVer: 0 (Checksum: 4090031591)
[2019.04.27-19.37.25:242][  0]LogPackageLocalizationCache: Processed 9 localized package path(s) for 1 prioritized culture(s) in 0.061799 seconds
[2019.04.27-19.37.25:247][  0]LogUObjectArray: 36728 objects as part of root set at end of initial load.
[2019.04.27-19.37.25:247][  0]LogUObjectAllocator: 7314304 out of 0 bytes used by permanent object pool.
[2019.04.27-19.37.25:247][  0]LogUObjectArray: CloseDisregardForGC: 0/0 objects in disregard for GC pool
[2019.04.27-19.37.27:125][  0]LogTcpMessaging: Initializing TcpMessaging bridge
[2019.04.27-19.37.27:160][  0]LogUdpMessaging: Initializing bridge on interface 0.0.0.0:0 to multicast group 230.0.0.1:6666.
[2019.04.27-19.37.27:581][  0]SourceControl: Source control is disabled
[2019.04.27-19.37.27:582][  0]SourceControl: Source control is disabled
[2019.04.27-19.37.27:615][  0]SourceControl: Source control is disabled
[2019.04.27-19.37.27:654][  0]SourceControl: Source control is disabled
[2019.04.27-19.37.28:305][  0]LogAndroidPermission: UAndroidPermissionCallbackProxy::GetInstance
[2019.04.27-19.37.28:479][  0]LogOcInput: OculusInput pre-init called
[2019.04.27-19.37.28:607][  0]LogEngine: Initializing Engine...
[2019.04.27-19.37.28:609][  0]LogHMD: Failed to initialize OpenVR with code 110
[2019.04.27-19.37.28:611][  0]LogStats: UGameplayTagsManager::ConstructGameplayTagTree: Construct from data asset -  0.000 s
[2019.04.27-19.37.28:611][  0]LogStats: UGameplayTagsManager::ConstructGameplayTagTree: GameplayTagTreeChangedEvent.Broadcast -  0.000 s
[2019.04.27-19.37.28:852][  0]LogAIModule: Creating AISystem for world Untitled
[2019.04.27-19.37.28:877][  0]LogInit: XAudio2 using 'Haut-parleur (Conexant ISST Audio)' : 2 channels at 48 kHz using 32 bits per sample (channel mask 0x3)
[2019.04.27-19.37.28:958][  0]LogInit: FAudioDevice initialized.
[2019.04.27-19.37.29:106][  0]LogDerivedDataCache: Saved boot cache 0.15s 87MB C:/Users/William/AppData/Local/UnrealEngine/4.19/DerivedDataCache/Boot.ddc.
[2019.04.27-19.37.29:128][  0]LogInit: Texture streaming: Enabled
[2019.04.27-19.37.29:149][  0]LogEngineSessionManager: EngineSessionManager initialized
[2019.04.27-19.37.29:170][  0]LogInit: Transaction tracking system initialized
[2019.04.27-19.37.29:203][  0]BlueprintLog: New page: Editor Load
[2019.04.27-19.37.29:303][  0]LocalizationService: Localization service is disabled
[2019.04.27-19.37.29:407][  0]LogLinker: Warning: Can't find file '/Game/InventorySystem/Documentation/InventorySystem_TUT_Intro'
[2019.04.27-19.37.29:407][  0]LogLinker: Warning: Can't find file '/Game/InventorySystem/Documentation/InventorySystem_TUT_Intro'
[2019.04.27-19.37.29:407][  0]LogUObjectGlobals: Warning: Failed to find object 'Class /Game/InventorySystem/Documentation/InventorySystem_TUT_Intro.InventorySystem_TUT_Intro_C'
[2019.04.27-19.37.29:436][  0]LogConsoleResponse: Display: 
[2019.04.27-19.37.29:641][  0]LogCook: Display: Max memory allowance for cook 16384mb min free memory 0mb
[2019.04.27-19.37.29:641][  0]LogCook: Display: Mobile HDR setting 1
[2019.04.27-19.37.29:641][  0]LogGameplayTags: Display: UGameplayTagsManager::DoneAddingNativeTags. DelegateIsBound: 0
[2019.04.27-19.37.29:641][  0]LogStats: UGameplayTagsManager::ConstructGameplayTagTree: Construct from data asset -  0.000 s
[2019.04.27-19.37.29:641][  0]LogStats: UGameplayTagsManager::ConstructGameplayTagTree: GameplayTagTreeChangedEvent.Broadcast -  0.000 s
[2019.04.27-19.37.30:152][  0]LogFileCache: Scanning file cache for directory 'G:/Heaven'sPath/ProjetUnreal/HeavenPath/Content/' took 0.02s
[2019.04.27-19.37.30:152][  0]SourceControl: Source control is disabled
[2019.04.27-19.37.30:152][  0]Cmd: MAP LOAD FILE="G:/Heaven'sPath/ProjetUnreal/HeavenPath/Content/FirstPersonBP/Maps/FirstPersonExampleMap.umap" TEMPLATE=0 SHOWPROGRESS=1 FEATURELEVEL=3
[2019.04.27-19.37.30:153][  0]LightingResults: New page: Lighting Build
[2019.04.27-19.37.30:157][  0]MapCheck: New page: Map Check
[2019.04.27-19.37.30:157][  0]LightingResults: New page: Lighting Build
[2019.04.27-19.37.30:175][  0]LogUObjectGlobals: Created PersistentFrame Addr=0x00000207a46c6b00, Size=44, Default__FirstPersonCharacter_C Function /Game/FirstPersonBP/Blueprints/FirstPersonCharacter.FirstPersonCharacter_C:ExecuteUbergraph_FirstPersonCharacter
[2019.04.27-19.37.30:180][  0]LogUObjectGlobals: Destroyed PersistentFrame Addr=0x00000207a46c6b00, Size=44
[2019.04.27-19.37.30:180][  0]LogUObjectGlobals: Created PersistentFrame Addr=0x00000207a46c6b00, Size=44, Default__FirstPersonCharacter_C Function /Engine/Transient.REINST_FirstPersonCharacter_C_1:ExecuteUbergraph_FirstPersonCharacter
[2019.04.27-19.37.30:182][  0]LogUObjectGlobals: Created PersistentFrame Addr=0x00000207a46c5480, Size=44, Default__FirstPersonCharacter_C Function /Game/FirstPersonBP/Blueprints/FirstPersonCharacter.FirstPersonCharacter_C:ExecuteUbergraph_FirstPersonCharacter
[2019.04.27-19.37.30:248][  0]LogUObjectGlobals: Created PersistentFrame Addr=0x000002079cdcf388, Size=52, Default__FirstPersonHUD_C Function /Game/FirstPersonBP/Blueprints/FirstPersonHUD.FirstPersonHUD_C:ExecuteUbergraph_FirstPersonHUD
[2019.04.27-19.37.30:251][  0]LogUObjectGlobals: Destroyed PersistentFrame Addr=0x000002079cdcf388, Size=52
[2019.04.27-19.37.30:251][  0]LogUObjectGlobals: Created PersistentFrame Addr=0x000002079cdcf388, Size=52, Default__FirstPersonHUD_C Function /Engine/Transient.REINST_FirstPersonHUD_C_7:ExecuteUbergraph_FirstPersonHUD
[2019.04.27-19.37.30:253][  0]LogUObjectGlobals: Created PersistentFrame Addr=0x000002079cdcf890, Size=52, Default__FirstPersonHUD_C Function /Game/FirstPersonBP/Blueprints/FirstPersonHUD.FirstPersonHUD_C:ExecuteUbergraph_FirstPersonHUD
[2019.04.27-19.37.30:374][  0]LogAIModule: Creating AISystem for world FirstPersonExampleMap
[2019.04.27-19.37.30:394][  0]LogEditorServer: Finished looking for orphan Actors (0.000 secs)
[2019.04.27-19.37.30:407][  0]LogUObjectGlobals: Destroyed PersistentFrame Addr=0x00000207a46c6b00, Size=44
[2019.04.27-19.37.30:408][  0]LogUObjectGlobals: Destroyed PersistentFrame Addr=0x000002079cdcf388, Size=52
[2019.04.27-19.37.30:408][  0]Cmd: MAP CHECKDEP NOCLEARLOG
[2019.04.27-19.37.30:468][  0]MapCheck: Map check complete: 0 Error(s), 0 Warning(s), took 59,168ms to complete.
[2019.04.27-19.37.30:468][  0]LogFileHelpers: Loading map 'FirstPersonExampleMap' took 0.315
[2019.04.27-19.37.30:614][  0]LogCollectionManager: Loaded 0 collections in 0.003325 seconds
[2019.04.27-19.37.30:658][  0]LogFileCache: Scanning file cache for directory 'G:/Heaven'sPath/ProjetUnreal/HeavenPath/Saved/Collections/' took 0.01s
[2019.04.27-19.37.30:658][  0]LogFileCache: Scanning file cache for directory 'G:/Heaven'sPath/ProjetUnreal/HeavenPath/Content/Developers/William/Collections/' took 0.01s
[2019.04.27-19.37.30:658][  0]LogFileCache: Scanning file cache for directory 'G:/Heaven'sPath/ProjetUnreal/HeavenPath/Content/Collections/' took 0.01s
[2019.04.27-19.37.30:658][  0]LogCollectionManager: Rebuilt the GUID cache for 0 collections in 0.000000 seconds
[2019.04.27-19.37.30:667][  0]LogContentBrowser: Native class hierarchy populated in 0.0094 seconds. Added 2452 classes and 558 folders.
[2019.04.27-19.37.30:678][  0]LogContentBrowser: Native class hierarchy updated for 'WidgetCarousel' in 0.0002 seconds. Added 0 classes and 0 folders.
[2019.04.27-19.37.30:735][  0]LogContentBrowser: Native class hierarchy updated for 'AddContentDialog' in 0.0002 seconds. Added 0 classes and 0 folders.
[2019.04.27-19.37.30:743][  0]LogContentBrowser: Native class hierarchy updated for 'WorldBrowser' in 0.0002 seconds. Added 2 classes and 3 folders.
[2019.04.27-19.37.30:751][  0]LogContentBrowser: Native class hierarchy updated for 'SceneOutliner' in 0.0002 seconds. Added 1 classes and 2 folders.
[2019.04.27-19.37.31:989][  0]LogSlate: Only BGRA pngs, bmps or icos are supported in by External Image Picker
[2019.04.27-19.37.32:015][  0]LogSlate: Took 0.000237 seconds to synchronously load lazily loaded font '../../../Engine/Content/Slate/Fonts/Roboto-Regular.ttf' (155K)
[2019.04.27-19.37.32:019][  0]LogSlate: Took 0.000270 seconds to synchronously load lazily loaded font '../../../Engine/Content/Slate/Fonts/Roboto-Bold.ttf' (160K)
[2019.04.27-19.37.32:029][  0]LogSlate: Took 0.000233 seconds to synchronously load lazily loaded font '../../../Engine/Content/Editor/Slate/Fonts/FontAwesome.ttf' (139K)
[2019.04.27-19.37.32:192][  0]LogTemp: Executing iPhonePackager certificates Engine -bundlename com.YourCompany.HeavenPath
[2019.04.27-19.37.32:192][  0]LogTemp: CWD: C:\Program Files\Epic Games\UE_4.19\Engine\Binaries\DotNET\IOS
[2019.04.27-19.37.32:192][  0]LogTemp: Initial Dir: C:\Program Files\Epic Games\UE_4.19
[2019.04.27-19.37.32:192][  0]LogTemp: Env CWD: C:\Program Files\Epic Games\UE_4.19\Engine\Binaries\DotNET\IOS
[2019.04.27-19.37.32:192][  0]LogTemp: BranchPath = DESKTOP-BLN4QPH/C/Program Files/Epic Games/UE_4.19/Engine/Binaries --- GameBranchPath = DESKTOP-BLN4QPH/C/Program Files/Epic Games/UE_4.19/Engine/Binaries
[2019.04.27-19.37.32:192][  0]LogTemp: IPP ERROR: Could not find provision directory 'C:\Users\William\AppData\Local/Apple Computer/MobileDevice/Provisioning Profiles/'.
[2019.04.27-19.37.32:192][  0]LogRenderer: Reallocating scene render targets to support 1008x552 Format 10 NumSamples 1 (Frame:1).
[2019.04.27-19.37.32:341][  0]LogContentBrowser: Native class hierarchy updated for 'HierarchicalLODOutliner' in 0.0003 seconds. Added 0 classes and 0 folders.
[2019.04.27-19.37.32:341][  0]LogLoad: (Engine Initialization) Total time: 14.07 seconds
[2019.04.27-19.37.32:341][  0]LogLoad: (Engine Initialization) Total Blueprint compile time: 0.00 seconds
[2019.04.27-19.37.32:709][  0]LogContentStreaming: Texture pool size now 1000 MB
[2019.04.27-19.37.32:760][  0]LogSlate: Took 0.000181 seconds to synchronously load lazily loaded font '../../../Engine/Content/Slate/Fonts/Roboto-Light.ttf' (167K)
[2019.04.27-19.37.33:345][  2]LogSlate: FSceneViewport::OnFocusLost() reason 0
[2019.04.27-19.37.33:360][  2]LogAssetRegistry: Asset discovery search completed in 9.1427 seconds
[2019.04.27-19.37.33:362][  2]LogCollectionManager: Rebuilt the object cache for 0 collections in 0.000000 seconds (found 0 objects)
[2019.04.27-19.37.33:362][  2]LogCollectionManager: Fixed up redirectors for 0 collections in 0.000057 seconds (updated 0 objects)
[2019.04.27-19.37.39:578][372]LogUObjectGlobals: Created PersistentFrame Addr=0x00000207d811c560, Size=112, Default__BP_GameMode_C Function /Game/William/Blueprints/Player/BP_GameMode.BP_GameMode_C:ExecuteUbergraph_BP_GameMode
[2019.04.27-19.37.39:579][372]LogUObjectGlobals: Created PersistentFrame Addr=0x00000207fc357a60, Size=96, Default__UI_C Function /Game/William/Blueprints/UI/UI.UI_C:ExecuteUbergraph_UI
[2019.04.27-19.37.39:587][372]LogUObjectGlobals: Created PersistentFrame Addr=0x000002078da2f150, Size=16, Default__BP_ATH_C Function /Game/William/Blueprints/Player/BP_ATH.BP_ATH_C:ExecuteUbergraph_BP_ATH
[2019.04.27-19.37.39:598][372]LogUObjectGlobals: Created PersistentFrame Addr=0x0000020790503938, Size=8, Default__BP_Interaction_C Function /Game/William/Blueprints/BP_Interaction.BP_Interaction_C:ExecuteUbergraph_BP_Interaction
[2019.04.27-19.37.39:604][372]LogUObjectGlobals: Created PersistentFrame Addr=0x00000207d80989a0, Size=152, Default__BP_Character_C Function /Game/William/Blueprints/Player/BP_Character.BP_Character_C:ExecuteUbergraph_BP_Character
[2019.04.27-19.37.39:619][372]LogUObjectGlobals: Destroyed PersistentFrame Addr=0x0000020790503938, Size=8
[2019.04.27-19.37.39:619][372]LogUObjectGlobals: Created PersistentFrame Addr=0x000002078fcfd9e8, Size=8, Default__BP_Interaction_C Function /Engine/Transient.REINST_BP_Interaction_C_11:ExecuteUbergraph_BP_Interaction
[2019.04.27-19.37.39:620][372]LogUObjectGlobals: Destroyed PersistentFrame Addr=0x000002078da2f150, Size=16
[2019.04.27-19.37.39:620][372]LogUObjectGlobals: Created PersistentFrame Addr=0x0000020790084e30, Size=16, Default__BP_ATH_C Function /Engine/Transient.REINST_BP_ATH_C_12:ExecuteUbergraph_BP_ATH
[2019.04.27-19.37.39:620][372]LogUObjectGlobals: Destroyed PersistentFrame Addr=0x00000207d80989a0, Size=152
[2019.04.27-19.37.39:620][372]LogUObjectGlobals: Created PersistentFrame Addr=0x00000207d4c551c0, Size=152, Default__BP_Character_C Function /Engine/Transient.REINST_BP_Character_C_13:ExecuteUbergraph_BP_Character
[2019.04.27-19.37.39:621][372]LogUObjectGlobals: Destroyed PersistentFrame Addr=0x00000207d811c560, Size=112
[2019.04.27-19.37.39:621][372]LogUObjectGlobals: Created PersistentFrame Addr=0x00000207d808f430, Size=112, Default__BP_GameMode_C Function /Engine/Transient.REINST_BP_GameMode_C_14:ExecuteUbergraph_BP_GameMode
[2019.04.27-19.37.39:621][372]LogUObjectGlobals: Destroyed PersistentFrame Addr=0x00000207fc357a60, Size=96
[2019.04.27-19.37.39:621][372]LogUObjectGlobals: Created PersistentFrame Addr=0x00000207d55f5a20, Size=96, Default__UI_C Function /Engine/Transient.REINST_UI_C_0:ExecuteUbergraph_UI
[2019.04.27-19.37.39:633][372]LogUObjectGlobals: Created PersistentFrame Addr=0x000002078fcfed68, Size=8, Default__BP_Interaction_C Function /Game/William/Blueprints/BP_Interaction.BP_Interaction_C:ExecuteUbergraph_BP_Interaction
[2019.04.27-19.37.39:634][372]LogUObjectGlobals: Created PersistentFrame Addr=0x000002078fe16350, Size=16, Default__BP_ATH_C Function /Game/William/Blueprints/Player/BP_ATH.BP_ATH_C:ExecuteUbergraph_BP_ATH
[2019.04.27-19.37.39:636][372]LogUObjectGlobals: Created PersistentFrame Addr=0x00000207d1a2c360, Size=152, Default__BP_Character_C Function /Game/William/Blueprints/Player/BP_Character.BP_Character_C:ExecuteUbergraph_BP_Character
[2019.04.27-19.37.39:638][372]LogUObjectGlobals: Created PersistentFrame Addr=0x00000207d19e3970, Size=112, Default__BP_GameMode_C Function /Game/William/Blueprints/Player/BP_GameMode.BP_GameMode_C:ExecuteUbergraph_BP_GameMode
[2019.04.27-19.37.39:640][372]LogUObjectGlobals: Created PersistentFrame Addr=0x00000207d4be0520, Size=96, Default__UI_C Function /Game/William/Blueprints/UI/UI.UI_C:ExecuteUbergraph_UI
[2019.04.27-19.37.39:650][372]LogUObjectGlobals: Created PersistentFrame Addr=0x0000020790a3d480, Size=128, Default__BP_Cloud_C Function /Game/William/Blueprints/BP_Cloud.BP_Cloud_C:ExecuteUbergraph_BP_Cloud
[2019.04.27-19.37.39:658][372]LogUObjectGlobals: Destroyed PersistentFrame Addr=0x0000020790a3d480, Size=128
[2019.04.27-19.37.39:658][372]LogUObjectGlobals: Created PersistentFrame Addr=0x0000020790a3d480, Size=128, Default__BP_Cloud_C Function /Engine/Transient.REINST_BP_Cloud_C_20:ExecuteUbergraph_BP_Cloud
[2019.04.27-19.37.39:664][372]LogUObjectGlobals: Created PersistentFrame Addr=0x0000020790a3c900, Size=128, Default__BP_Cloud_C Function /Game/William/Blueprints/BP_Cloud.BP_Cloud_C:ExecuteUbergraph_BP_Cloud
[2019.04.27-19.37.39:739][372]LogSlate: Took 0.000380 seconds to synchronously load lazily loaded font '../../../Engine/Content/Slate/Fonts/Roboto-Light.ttf' (167K)
[2019.04.27-19.37.40:054][372]LogContentBrowser: Native class hierarchy updated for 'BlueprintGraph' in 0.0006 seconds. Added 116 classes and 0 folders.
[2019.04.27-19.37.40:351][372]LogUObjectGlobals: Created PersistentFrame Addr=0x00000207b95b4118, Size=4, Default__SKEL_PROTO_BP_AnimBlueprint_0_C Function /Engine/Transient.SKEL_PROTO_BP_AnimBlueprint_0_C:ExecuteUbergraph_PROTO_BP_AnimBlueprint_0
[2019.04.27-19.37.40:352][372]LogUObjectGlobals: Created PersistentFrame Addr=0x00000207b95b4110, Size=4, Default__PROTO_BP_AnimBlueprint_0_C Function /Engine/Transient.PROTO_BP_AnimBlueprint_0_C:ExecuteUbergraph_PROTO_BP_AnimBlueprint_0
[2019.04.27-19.37.40:796][372]LogSlate: Took 0.000396 seconds to synchronously load lazily loaded font '../../../Engine/Content/Slate/Fonts/Roboto-BoldCondensed.ttf' (158K)
[2019.04.27-19.37.41:034][373]LogSlate: Took 0.000348 seconds to synchronously load lazily loaded font '../../../Engine/Content/Slate/Fonts/Roboto-Italic.ttf' (157K)
[2019.04.27-19.37.45:530][624]LogSlate: Window 'BP_Cloud' being destroyed
[2019.04.27-19.37.45:538][624]LogSlate: Window 'BP_Cloud' being destroyed
[2019.04.27-19.38.07:211][873]LogUObjectGlobals: Destroyed PersistentFrame Addr=0x000002078fcfd9e8, Size=8
[2019.04.27-19.38.07:211][873]LogUObjectGlobals: Destroyed PersistentFrame Addr=0x0000020790084e30, Size=16
[2019.04.27-19.38.07:211][873]LogUObjectGlobals: Destroyed PersistentFrame Addr=0x00000207d55f5a20, Size=96
[2019.04.27-19.38.07:211][873]LogUObjectGlobals: Destroyed PersistentFrame Addr=0x00000207d808f430, Size=112
[2019.04.27-19.38.07:211][873]LogUObjectGlobals: Destroyed PersistentFrame Addr=0x00000207d4c551c0, Size=152
[2019.04.27-19.38.07:211][873]LogUObjectGlobals: Destroyed PersistentFrame Addr=0x0000020790a3d480, Size=128
[2019.04.27-19.38.07:334][873]LogSlate: Window 'HeavenPath - Unreal Editor' being destroyed
[2019.04.27-19.38.07:335][873]LogWindowsTextInputMethodSystem: Display: IME system now deactivated.
[2019.04.27-19.38.07:564][874]Cmd: QUIT_EDITOR
[2019.04.27-19.38.07:614][874]LogSlate: Slate User Destroyed.  User Index 0, Is Virtual User: 0
[2019.04.27-19.38.07:614][874]LogExit: Preparing to exit.
[2019.04.27-19.38.08:278][874]LogExit: Editor shut down
[2019.04.27-19.38.08:280][874]LogExit: Transaction tracking system shut down
[2019.04.27-19.38.08:281][874]LogUObjectGlobals: Destroyed PersistentFrame Addr=0x00000207a46c5480, Size=44
[2019.04.27-19.38.08:281][874]LogUObjectGlobals: Destroyed PersistentFrame Addr=0x000002079cdcf890, Size=52
[2019.04.27-19.38.08:282][874]LogUObjectGlobals: Destroyed PersistentFrame Addr=0x000002078fcfed68, Size=8
[2019.04.27-19.38.08:282][874]LogUObjectGlobals: Destroyed PersistentFrame Addr=0x000002078fe16350, Size=16
[2019.04.27-19.38.08:282][874]LogUObjectGlobals: Destroyed PersistentFrame Addr=0x00000207d1a2c360, Size=152
[2019.04.27-19.38.08:282][874]LogUObjectGlobals: Destroyed PersistentFrame Addr=0x00000207d19e3970, Size=112
[2019.04.27-19.38.08:282][874]LogUObjectGlobals: Destroyed PersistentFrame Addr=0x00000207d4be0520, Size=96
[2019.04.27-19.38.08:282][874]LogUObjectGlobals: Destroyed PersistentFrame Addr=0x0000020790a3c900, Size=128
[2019.04.27-19.38.08:283][874]LogUObjectGlobals: Destroyed PersistentFrame Addr=0x00000207b95b4118, Size=4
[2019.04.27-19.38.08:283][874]LogUObjectGlobals: Destroyed PersistentFrame Addr=0x00000207b95b4110, Size=4
[2019.04.27-19.38.08:508][874]LogDirectoryWatcher: A directory notification for '../../../Engine/Content/' was aborted.
[2019.04.27-19.38.08:509][874]LogDirectoryWatcher: A directory notification for 'G:/Heaven'sPath/ProjetUnreal/HeavenPath/Content/' was aborted.
[2019.04.27-19.38.08:509][874]LogDirectoryWatcher: A directory notification for '../../Plugins/2D/Paper2D/Content/' was aborted.
[2019.04.27-19.38.08:509][874]LogDirectoryWatcher: A directory notification for '../../Plugins/Enterprise/DatasmithContent/Content/' was aborted.
[2019.04.27-19.38.08:509][874]LogDirectoryWatcher: A directory notification for '../../Plugins/Media/MediaCompositing/Content/' was aborted.
[2019.04.27-19.38.08:509][874]LogDirectoryWatcher: A directory notification for '../../Plugins/Runtime/AppleARKit/Content/' was aborted.
[2019.04.27-19.38.08:509][874]LogDirectoryWatcher: A directory notification for '../../Plugins/Runtime/Oculus/OculusVR/Content/' was aborted.
[2019.04.27-19.38.08:509][874]LogDirectoryWatcher: A directory notification for '../../Plugins/Runtime/Steam/SteamVR/Content/' was aborted.
[2019.04.27-19.38.08:601][874]LogExit: Object subsystem successfully closed.
[2019.04.27-19.38.08:714][874]LogShaderCompilers: Display: Shaders left to compile 0
[2019.04.27-19.38.08:717][874]LogD3D11RHI: Shutdown
[2019.04.27-19.38.08:717][874]LogD3D11RHI: CleanupD3DDevice
[2019.04.27-19.38.08:730][874]LogD3D11RHI: ~FD3D11DynamicRHI
[2019.04.27-19.38.08:757][874]LogModuleManager: Shutting down and abandoning module BlueprintGraph (580)
[2019.04.27-19.38.08:757][874]LogModuleManager: Shutting down and abandoning module HierarchicalLODOutliner (578)
[2019.04.27-19.38.08:757][874]LogModuleManager: Shutting down and abandoning module ExternalImagePicker (576)
[2019.04.27-19.38.08:757][874]LogModuleManager: Shutting down and abandoning module SceneOutliner (574)
[2019.04.27-19.38.08:757][874]LogModuleManager: Shutting down and abandoning module WorldBrowser (572)
[2019.04.27-19.38.08:757][874]LogModuleManager: Shutting down and abandoning module AddContentDialog (570)
[2019.04.27-19.38.08:757][874]LogDirectoryWatcher: A directory notification for 'C:/Program Files/Epic Games/UE_4.19/FeaturePacks/' was aborted.
[2019.04.27-19.38.08:758][874]LogModuleManager: Shutting down and abandoning module WidgetCarousel (569)
[2019.04.27-19.38.08:758][874]LogModuleManager: Shutting down and abandoning module EditorWidgets (566)
[2019.04.27-19.38.08:758][874]LogModuleManager: Shutting down and abandoning module CollectionManager (564)
[2019.04.27-19.38.08:758][874]LogDirectoryWatcher: A directory notification for 'G:/Heaven'sPath/ProjetUnreal/HeavenPath/Content/Collections/' was aborted.
[2019.04.27-19.38.08:758][874]LogDirectoryWatcher: A directory notification for 'G:/Heaven'sPath/ProjetUnreal/HeavenPath/Content/Developers/William/Collections/' was aborted.
[2019.04.27-19.38.08:758][874]LogDirectoryWatcher: A directory notification for 'G:/Heaven'sPath/ProjetUnreal/HeavenPath/Saved/Collections/' was aborted.
[2019.04.27-19.38.08:759][874]LogModuleManager: Shutting down and abandoning module StatsViewer (562)
[2019.04.27-19.38.08:759][874]LogModuleManager: Shutting down and abandoning module FoliageEdit (560)
[2019.04.27-19.38.08:759][874]LogModuleManager: Shutting down and abandoning module LandscapeEditor (558)
[2019.04.27-19.38.08:759][874]LogModuleManager: Shutting down and abandoning module MeshPaintMode (556)
[2019.04.27-19.38.08:759][874]LogModuleManager: Shutting down and abandoning module SceneDepthPickerMode (554)
[2019.04.27-19.38.08:759][874]LogModuleManager: Shutting down and abandoning module ActorPickerMode (552)
[2019.04.27-19.38.08:759][874]LogModuleManager: Shutting down and abandoning module GeometryMode (550)
[2019.04.27-19.38.08:759][874]LogModuleManager: Shutting down and abandoning module TextureAlignMode (548)
[2019.04.27-19.38.08:759][874]LogModuleManager: Shutting down and abandoning module BspMode (546)
[2019.04.27-19.38.08:759][874]LogModuleManager: Shutting down and abandoning module PIEPreviewDeviceProfileSelector (544)
[2019.04.27-19.38.08:759][874]LogModuleManager: Shutting down and abandoning module HardwareSurvey (542)
[2019.04.27-19.38.08:759][874]LogModuleManager: Shutting down and abandoning module SequenceRecorderSections (540)
[2019.04.27-19.38.08:759][874]LogModuleManager: Shutting down and abandoning module AutomationWorker (538)
[2019.04.27-19.38.08:759][874]LogModuleManager: Shutting down and abandoning module AudioCaptureEditor (536)
[2019.04.27-19.38.08:759][874]LogModuleManager: Shutting down and abandoning module SequenceRecorder (535)
[2019.04.27-19.38.08:759][874]LogModuleManager: Shutting down and abandoning module MatineeToLevelSequence (532)
[2019.04.27-19.38.08:759][874]LogModuleManager: Shutting down and abandoning module LevelSequenceEditor (530)
[2019.04.27-19.38.08:759][874]LogModuleManager: Shutting down and abandoning module PlacementMode (529)
[2019.04.27-19.38.08:759][874]LogModuleManager: Shutting down and abandoning module MaterialEditor (528)
[2019.04.27-19.38.08:759][874]LogModuleManager: Shutting down and abandoning module WmfMediaFactory (524)
[2019.04.27-19.38.08:759][874]LogModuleManager: Shutting down and abandoning module WmfMediaEditor (522)
[2019.04.27-19.38.08:759][874]LogModuleManager: Shutting down and abandoning module MediaPlayerEditor (520)
[2019.04.27-19.38.08:759][874]LogModuleManager: Shutting down and abandoning module OpenExrWrapper (518)
[2019.04.27-19.38.08:759][874]LogModuleManager: Shutting down and abandoning module ImgMediaFactory (516)
[2019.04.27-19.38.08:759][874]LogModuleManager: Shutting down and abandoning module ImgMediaEditor (514)
[2019.04.27-19.38.08:760][874]LogModuleManager: Shutting down and abandoning module AvfMediaFactory (512)
[2019.04.27-19.38.08:760][874]LogModuleManager: Shutting down and abandoning module AvfMediaEditor (510)
[2019.04.27-19.38.08:760][874]LogModuleManager: Shutting down and abandoning module AndroidMediaFactory (508)
[2019.04.27-19.38.08:760][874]LogModuleManager: Shutting down and abandoning module AndroidMediaEditor (506)
[2019.04.27-19.38.08:760][874]LogModuleManager: Shutting down and abandoning module CharacterAI (504)
[2019.04.27-19.38.08:760][874]LogModuleManager: Shutting down and abandoning module SmartSnapping (502)
[2019.04.27-19.38.08:760][874]LogModuleManager: Shutting down and abandoning module SessionServices (500)
[2019.04.27-19.38.08:760][874]LogModuleManager: Shutting down and abandoning module ViewportSnapping (498)
[2019.04.27-19.38.08:760][874]LogModuleManager: Shutting down and abandoning module ViewportInteraction (496)
[2019.04.27-19.38.08:760][874]LogModuleManager: Shutting down and abandoning module ClothPainter (494)
[2019.04.27-19.38.08:760][874]LogModuleManager: Shutting down and abandoning module SkeletalMeshEditor (493)
[2019.04.27-19.38.08:760][874]LogModuleManager: Shutting down and abandoning module LogVisualizer (490)
[2019.04.27-19.38.08:760][874]LogModuleManager: Shutting down and abandoning module IntroTutorials (488)
[2019.04.27-19.38.08:760][874]LogModuleManager: Shutting down and abandoning module GameProjectGeneration (487)
[2019.04.27-19.38.08:760][874]LogModuleManager: Shutting down and abandoning module IOSPlatformEditor (484)
[2019.04.27-19.38.08:760][874]LogModuleManager: Shutting down and abandoning module HTML5PlatformEditor (482)
[2019.04.27-19.38.08:760][874]LogModuleManager: Shutting down and abandoning module AndroidPlatformEditor (480)
[2019.04.27-19.38.08:760][874]LogModuleManager: Shutting down and abandoning module AndroidDeviceDetection (479)
[2019.04.27-19.38.09:396][874]LogModuleManager: Shutting down and abandoning module WindowsPlatformEditor (476)
[2019.04.27-19.38.09:396][874]LogModuleManager: Shutting down and abandoning module IOSRuntimeSettings (474)
[2019.04.27-19.38.09:396][874]LogModuleManager: Shutting down and abandoning module AndroidRuntimeSettings (472)
[2019.04.27-19.38.09:396][874]LogModuleManager: Shutting down and abandoning module InputBindingEditor (470)
[2019.04.27-19.38.09:396][874]LogModuleManager: Shutting down and abandoning module MergeActors (468)
[2019.04.27-19.38.09:396][874]LogModuleManager: Shutting down and abandoning module LocalizationDashboard (466)
[2019.04.27-19.38.09:396][874]LogModuleManager: Shutting down and abandoning module LocalizationService (465)
[2019.04.27-19.38.09:396][874]LogModuleManager: Shutting down and abandoning module HardwareTargeting (462)
[2019.04.27-19.38.09:396][874]LogModuleManager: Shutting down and abandoning module DeviceProfileEditor (460)
[2019.04.27-19.38.09:396][874]LogModuleManager: Shutting down and abandoning module UndoHistory (458)
[2019.04.27-19.38.09:397][874]LogModuleManager: Shutting down and abandoning module XmlParser (456)
[2019.04.27-19.38.09:397][874]LogModuleManager: Shutting down and abandoning module Blutility (454)
[2019.04.27-19.38.09:397][874]LogModuleManager: Shutting down and abandoning module ProjectSettingsViewer (452)
[2019.04.27-19.38.09:397][874]LogModuleManager: Shutting down and abandoning module ProjectTargetPlatformEditor (451)
[2019.04.27-19.38.09:397][874]LogModuleManager: Shutting down and abandoning module EditorSettingsViewer (448)
[2019.04.27-19.38.09:397][874]LogModuleManager: Shutting down and abandoning module SettingsEditor (446)
[2019.04.27-19.38.09:397][874]LogModuleManager: Shutting down and abandoning module ProjectLauncher (444)
[2019.04.27-19.38.09:397][874]LogModuleManager: Shutting down and abandoning module SessionFrontend (442)
[2019.04.27-19.38.09:397][874]LogModuleManager: Shutting down and abandoning module ProfilerClient (440)
[2019.04.27-19.38.09:397][874]LogModuleManager: Shutting down and abandoning module DeviceManager (438)
[2019.04.27-19.38.09:397][874]LogModuleManager: Shutting down and abandoning module TargetDeviceServices (437)
[2019.04.27-19.38.09:451][874]LogModuleManager: Shutting down and abandoning module AutomationController (434)
[2019.04.27-19.38.09:451][874]LogModuleManager: Shutting down and abandoning module AutomationWindow (432)
[2019.04.27-19.38.09:451][874]LogModuleManager: Shutting down and abandoning module Layers (430)
[2019.04.27-19.38.09:451][874]LogModuleManager: Shutting down and abandoning module ComponentVisualizers (428)
[2019.04.27-19.38.09:451][874]LogModuleManager: Shutting down and abandoning module DetailCustomizations (426)
[2019.04.27-19.38.09:451][874]LogModuleManager: Shutting down and abandoning module PackagesDialog (424)
[2019.04.27-19.38.09:451][874]LogModuleManager: Shutting down and abandoning module Persona (422)
[2019.04.27-19.38.09:452][874]LogModuleManager: Shutting down and abandoning module AdvancedPreviewScene (421)
[2019.04.27-19.38.09:452][874]LogModuleManager: Shutting down and abandoning module AnimGraph (419)
[2019.04.27-19.38.09:452][874]LogModuleManager: Shutting down and abandoning module Kismet (416)
[2019.04.27-19.38.09:458][874]LogModuleManager: Shutting down and abandoning module GraphEditor (414)
[2019.04.27-19.38.09:458][874]LogModuleManager: Shutting down and abandoning module ClassViewer (412)
[2019.04.27-19.38.09:458][874]LogModuleManager: Shutting down and abandoning module Toolbox (410)
[2019.04.27-19.38.09:458][874]LogModuleManager: Shutting down and abandoning module ModuleUI (408)
[2019.04.27-19.38.09:458][874]LogModuleManager: Shutting down and abandoning module MovieSceneTools (406)
[2019.04.27-19.38.09:458][874]LogModuleManager: Shutting down and abandoning module OutputLog (404)
[2019.04.27-19.38.09:458][874]LogModuleManager: Shutting down and abandoning module GammaUI (402)
[2019.04.27-19.38.09:458][874]LogModuleManager: Shutting down and abandoning module Documentation (400)
[2019.04.27-19.38.09:459][874]LogModuleManager: Shutting down and abandoning module MovieSceneTracks (398)
[2019.04.27-19.38.09:459][874]LogModuleManager: Shutting down and abandoning module MovieScene (396)
[2019.04.27-19.38.09:459][874]LogModuleManager: Shutting down and abandoning module StreamingPauseRendering (394)
[2019.04.27-19.38.09:459][874]LogModuleManager: Shutting down and abandoning module LauncherPlatform (392)
[2019.04.27-19.38.09:459][874]LogModuleManager: Shutting down and abandoning module AnalyticsET (390)
[2019.04.27-19.38.09:459][874]LogModuleManager: Shutting down and abandoning module PortalServices (388)
[2019.04.27-19.38.09:459][874]LogModuleManager: Shutting down and abandoning module PortalRpc (386)
[2019.04.27-19.38.09:459][874]LogModuleManager: Shutting down and abandoning module MessagingRpc (384)
[2019.04.27-19.38.09:459][874]LogModuleManager: Shutting down and abandoning module AIModule (382)
[2019.04.27-19.38.09:459][874]LogModuleManager: Shutting down and abandoning module GameplayDebugger (381)
[2019.04.27-19.38.09:459][874]LogModuleManager: Shutting down and abandoning module AITestSuite (379)
[2019.04.27-19.38.09:459][874]LogModuleManager: Shutting down and abandoning module DesktopPlatform (376)
[2019.04.27-19.38.09:459][874]LogModuleManager: Shutting down and abandoning module ProfilerService (374)
[2019.04.27-19.38.09:636][874]LogModuleManager: Shutting down and abandoning module TaskGraph (372)
[2019.04.27-19.38.09:636][874]LogModuleManager: Shutting down and abandoning module SteamVRController (370)
[2019.04.27-19.38.09:636][874]LogModuleManager: Shutting down and abandoning module ProceduralMeshComponentEditor (368)
[2019.04.27-19.38.09:636][874]LogModuleManager: Shutting down and abandoning module ProceduralMeshComponent (366)
[2019.04.27-19.38.09:637][874]LogModuleManager: Shutting down and abandoning module OculusInput (364)
[2019.04.27-19.38.09:637][874]LogModuleManager: Shutting down and abandoning module MobilePatchingUtils (362)
[2019.04.27-19.38.09:637][874]LogModuleManager: Shutting down and abandoning module CustomMeshComponent (360)
[2019.04.27-19.38.09:637][874]LogModuleManager: Shutting down and abandoning module CableComponent (358)
[2019.04.27-19.38.09:637][874]LogModuleManager: Shutting down and abandoning module AudioCapture (356)
[2019.04.27-19.38.09:637][874]LogModuleManager: Shutting down and abandoning module ArchVisCharacter (354)
[2019.04.27-19.38.09:637][874]LogModuleManager: Shutting down and abandoning module AndroidPermission (352)
[2019.04.27-19.38.09:637][874]LogModuleManager: Shutting down and abandoning module NUTUnrealEngine4 (348)
[2019.04.27-19.38.09:637][874]LogModuleManager: Shutting down and abandoning module NetcodeUnitTest (346)
[2019.04.27-19.38.09:637][874]LogModuleManager: Shutting down and abandoning module MediaCompositingEditor (344)
[2019.04.27-19.38.09:637][874]LogModuleManager: Shutting down and abandoning module MediaCompositing (342)
[2019.04.27-19.38.09:637][874]LogModuleManager: Shutting down and abandoning module LinearTimecode (340)
[2019.04.27-19.38.09:637][874]LogModuleManager: Shutting down and abandoning module ImgMedia (338)
[2019.04.27-19.38.09:647][874]LogModuleManager: Shutting down and abandoning module HTML5Networking (336)
[2019.04.27-19.38.09:647][874]LogModuleManager: Shutting down and abandoning module AlembicImporter (334)
[2019.04.27-19.38.09:647][874]LogModuleManager: Shutting down and abandoning module AlembicLibrary (333)
[2019.04.27-19.38.09:647][874]LogModuleManager: Shutting down and abandoning module GeometryCache (332)
[2019.04.27-19.38.09:647][874]LogModuleManager: Shutting down and abandoning module GeometryCacheEd (331)
[2019.04.27-19.38.09:647][874]LogModuleManager: Shutting down and abandoning module DatasmithContent (326)
[2019.04.27-19.38.09:647][874]LogModuleManager: Shutting down and abandoning module SpeedTreeImporter (324)
[2019.04.27-19.38.09:647][874]LogModuleManager: Shutting down and abandoning module PluginBrowser (322)
[2019.04.27-19.38.09:647][874]LogModuleManager: Shutting down and abandoning module MobileLauncherProfileWizard (320)
[2019.04.27-19.38.09:648][874]LogModuleManager: Shutting down and abandoning module CryptoKeysOpenSSL (318)
[2019.04.27-19.38.09:648][874]LogModuleManager: Shutting down and abandoning module CryptoKeys (316)
[2019.04.27-19.38.09:648][874]LogModuleManager: Shutting down and abandoning module VisualStudioSourceCodeAccess (314)
[2019.04.27-19.38.09:648][874]LogModuleManager: Shutting down and abandoning module VisualStudioCodeSourceCodeAccess (312)
[2019.04.27-19.38.09:648][874]LogModuleManager: Shutting down and abandoning module UObjectPlugin (310)
[2019.04.27-19.38.09:648][874]LogModuleManager: Shutting down and abandoning module SubversionSourceControl (308)
[2019.04.27-19.38.09:648][874]LogModuleManager: Shutting down and abandoning module PerforceSourceControl (306)
[2019.04.27-19.38.09:648][874]LogModuleManager: Shutting down and abandoning module GitSourceControl (304)
[2019.04.27-19.38.09:648][874]LogModuleManager: Shutting down and abandoning module SourceControl (303)
[2019.04.27-19.38.09:648][874]LogModuleManager: Shutting down and abandoning module CLionSourceCodeAccess (300)
[2019.04.27-19.38.09:648][874]LogModuleManager: Shutting down and abandoning module LightPropagationVolumeEditor (298)
[2019.04.27-19.38.09:649][874]LogModuleManager: Shutting down and abandoning module PaperTiledImporter (296)
[2019.04.27-19.38.09:649][874]LogModuleManager: Shutting down and abandoning module PaperSpriteSheetImporter (294)
[2019.04.27-19.38.09:649][874]LogModuleManager: Shutting down and abandoning module Paper2DEditor (292)
[2019.04.27-19.38.09:649][874]LogModuleManager: Shutting down and abandoning module MeshPaint (291)
[2019.04.27-19.38.09:649][874]LogModuleManager: Shutting down and abandoning module RuntimePhysXCooking (288)
[2019.04.27-19.38.09:649][874]LogModuleManager: Shutting down and abandoning module PhysXVehiclesEditor (286)
[2019.04.27-19.38.09:649][874]LogModuleManager: Shutting down and abandoning module PhysXVehicles (284)
[2019.04.27-19.38.09:649][874]LogModuleManager: Shutting down and abandoning module OculusEditor (282)
[2019.04.27-19.38.09:649][874]LogModuleManager: Shutting down and abandoning module LocationServicesBPLibrary (280)
[2019.04.27-19.38.09:649][874]LogModuleManager: Shutting down and abandoning module ImmediatePhysicsEditor (278)
[2019.04.27-19.38.09:649][874]LogModuleManager: Shutting down and abandoning module ImmediatePhysics (276)
[2019.04.27-19.38.09:649][874]LogModuleManager: Shutting down and abandoning module ActorSequence (274)
[2019.04.27-19.38.09:649][874]LogModuleManager: Shutting down and abandoning module UdpMessaging (272)
[2019.04.27-19.38.09:750][874]LogModuleManager: Shutting down and abandoning module TcpMessaging (270)
[2019.04.27-19.38.09:851][874]LogModuleManager: Shutting down and abandoning module GameplayTagsEditor (268)
[2019.04.27-19.38.09:851][874]LogModuleManager: Shutting down and abandoning module FacialAnimationEditor (266)
[2019.04.27-19.38.09:851][874]LogModuleManager: Shutting down and abandoning module FacialAnimation (264)
[2019.04.27-19.38.09:851][874]LogModuleManager: Shutting down and abandoning module DataValidation (262)
[2019.04.27-19.38.09:851][874]LogModuleManager: Shutting down and abandoning module AssetManagerEditor (260)
[2019.04.27-19.38.09:851][874]LogModuleManager: Shutting down and abandoning module LevelEditor (259)
[2019.04.27-19.38.09:851][874]LogModuleManager: Shutting down and abandoning module PixelInspectorModule (258)
[2019.04.27-19.38.09:851][874]LogModuleManager: Shutting down and abandoning module CommonMenuExtensions (256)
[2019.04.27-19.38.09:851][874]LogModuleManager: Shutting down and abandoning module MainFrame (254)
[2019.04.27-19.38.09:851][874]LogModuleManager: Shutting down and abandoning module HotReload (253)
[2019.04.27-19.38.09:852][874]LogModuleManager: Shutting down and abandoning module ContentBrowser (249)
[2019.04.27-19.38.09:853][874]LogModuleManager: Shutting down and abandoning module TreeMap (247)
[2019.04.27-19.38.09:853][874]LogModuleManager: Shutting down and abandoning module LightPropagationVolumeRuntime (244)
[2019.04.27-19.38.09:853][874]LogModuleManager: Shutting down and abandoning module LiveLinkEditor (242)
[2019.04.27-19.38.09:853][874]LogModuleManager: Shutting down and abandoning module LiveLink (240)
[2019.04.27-19.38.10:775][874]LogModuleManager: Shutting down and abandoning module Paper2D (238)
[2019.04.27-19.38.10:775][874]LogModuleManager: Shutting down and abandoning module WindowsMoviePlayer (236)
[2019.04.27-19.38.10:775][874]LogModuleManager: Shutting down and abandoning module WmfMedia (234)
[2019.04.27-19.38.10:778][874]LogModuleManager: Shutting down and abandoning module Media (233)
[2019.04.27-19.38.10:785][874]LogModuleManager: Shutting down and abandoning module PacketHandler (230)
[2019.04.27-19.38.10:785][874]LogModuleManager: Shutting down and abandoning module ClothingSystemEditor (228)
[2019.04.27-19.38.10:785][874]LogModuleManager: Shutting down and abandoning module ClothingSystemRuntime (226)
[2019.04.27-19.38.10:785][874]LogModuleManager: Shutting down and abandoning module MediaAssets (224)
[2019.04.27-19.38.10:786][874]LogModuleManager: Shutting down and abandoning module Overlay (222)
[2019.04.27-19.38.10:786][874]LogModuleManager: Shutting down and abandoning module OverlayEditor (221)
[2019.04.27-19.38.10:786][874]LogModuleManager: Shutting down and abandoning module VREditor (218)
[2019.04.27-19.38.10:786][874]LogModuleManager: Shutting down and abandoning module StringTableEditor (216)
[2019.04.27-19.38.10:786][874]LogModuleManager: Shutting down and abandoning module GameplayTasksEditor (214)
[2019.04.27-19.38.10:786][874]LogModuleManager: Shutting down and abandoning module BehaviorTreeEditor (212)
[2019.04.27-19.38.10:786][874]LogModuleManager: Shutting down and abandoning module FunctionalTesting (210)
[2019.04.27-19.38.10:786][874]LogModuleManager: Shutting down and abandoning module CollisionAnalyzer (208)
[2019.04.27-19.38.10:786][874]LogModuleManager: Shutting down and abandoning module WorkspaceMenuStructure (207)
[2019.04.27-19.38.10:786][874]LogModuleManager: Shutting down and abandoning module UMG (204)
[2019.04.27-19.38.10:786][874]LogModuleManager: Shutting down and abandoning module UMGEditor (203)
[2019.04.27-19.38.10:787][874]LogModuleManager: Shutting down and abandoning module Sequencer (202)
[2019.04.27-19.38.10:787][874]LogModuleManager: Shutting down and abandoning module MessageLog (199)
[2019.04.27-19.38.10:787][874]LogModuleManager: Shutting down and abandoning module SlateReflector (194)
[2019.04.27-19.38.10:787][874]LogModuleManager: Shutting down and abandoning module Slate (192)
[2019.04.27-19.38.10:787][874]LogModuleManager: Shutting down and abandoning module EditorStyle (190)
[2019.04.27-19.38.10:791][874]LogModuleManager: Shutting down and abandoning module MRMesh (188)
[2019.04.27-19.38.10:791][874]LogModuleManager: Shutting down and abandoning module SourceCodeAccess (186)
[2019.04.27-19.38.10:791][874]LogModuleManager: Shutting down and abandoning module HeadMountedDisplay (184)
[2019.04.27-19.38.10:791][874]LogModuleManager: Shutting down and abandoning module XAudio2 (182)
[2019.04.27-19.38.10:791][874]LogModuleManager: Shutting down and abandoning module Networking (180)
[2019.04.27-19.38.10:791][874]LogModuleManager: Shutting down and abandoning module Core (178)
[2019.04.27-19.38.10:791][874]LogModuleManager: Shutting down and abandoning module LevelSequence (176)
[2019.04.27-19.38.10:791][874]LogModuleManager: Shutting down and abandoning module KismetCompiler (174)
[2019.04.27-19.38.10:791][874]LogModuleManager: Shutting down and abandoning module MeshUtilities (172)
[2019.04.27-19.38.10:791][874]LogModuleManager: Shutting down and abandoning module MeshMergeUtilities (171)
[2019.04.27-19.38.10:791][874]LogModuleManager: Shutting down and abandoning module MeshReductionInterface (170)
[2019.04.27-19.38.10:791][874]LogModuleManager: Shutting down and abandoning module SimplygonSwarm (169)
[2019.04.27-19.38.10:791][874]LogModuleManager: Shutting down and abandoning module SimplygonMeshReduction (167)
[2019.04.27-19.38.10:791][874]LogModuleManager: Shutting down and abandoning module QuadricMeshReduction (165)
[2019.04.27-19.38.10:791][874]LogModuleManager: Shutting down and abandoning module MaterialBaking (161)
[2019.04.27-19.38.10:791][874]LogModuleManager: Shutting down and abandoning module DirectoryWatcher (157)
[2019.04.27-19.38.10:791][874]LogModuleManager: Shutting down and abandoning module DerivedDataCache (154)
[2019.04.27-19.38.11:138][874]LogDerivedDataCache: Shutdown
[2019.04.27-19.38.11:138][874]LogModuleManager: Shutting down and abandoning module XGEController (152)
[2019.04.27-19.38.11:138][874]LogModuleManager: Shutting down and abandoning module TargetPlatform (150)
[2019.04.27-19.38.11:138][874]LogModuleManager: Shutting down and abandoning module VulkanShaderFormat (149)
[2019.04.27-19.38.11:138][874]LogModuleManager: Shutting down and abandoning module ShaderFormatVectorVM (147)
[2019.04.27-19.38.11:138][874]LogModuleManager: Shutting down and abandoning module ShaderFormatOpenGL (145)
[2019.04.27-19.38.11:138][874]LogModuleManager: Shutting down and abandoning module ShaderFormatD3D (143)
[2019.04.27-19.38.11:138][874]LogModuleManager: Shutting down and abandoning module MetalShaderFormat (141)
[2019.04.27-19.38.11:138][874]LogModuleManager: Shutting down and abandoning module TextureFormatUncompressed (139)
[2019.04.27-19.38.11:138][874]LogModuleManager: Shutting down and abandoning module TextureFormatPVR (137)
[2019.04.27-19.38.11:138][874]LogModuleManager: Shutting down and abandoning module TextureFormatDXT (135)
[2019.04.27-19.38.11:138][874]LogModuleManager: Shutting down and abandoning module TextureFormatIntelISPCTexComp (133)
[2019.04.27-19.38.11:138][874]LogModuleManager: Shutting down and abandoning module TextureFormatASTC (131)
[2019.04.27-19.38.11:138][874]LogModuleManager: Shutting down and abandoning module ImageWrapper (130)
[2019.04.27-19.38.11:138][874]LogModuleManager: Shutting down and abandoning module TextureFormatAndroid (127)
[2019.04.27-19.38.11:138][874]LogModuleManager: Shutting down and abandoning module AudioFormatOpus (125)
[2019.04.27-19.38.11:138][874]LogModuleManager: Shutting down and abandoning module AudioFormatOgg (123)
[2019.04.27-19.38.11:138][874]LogModuleManager: Shutting down and abandoning module AudioFormatADPCM (121)
[2019.04.27-19.38.11:138][874]LogModuleManager: Shutting down and abandoning module LinuxTargetPlatform (119)
[2019.04.27-19.38.11:138][874]LogModuleManager: Shutting down and abandoning module LinuxServerTargetPlatform (117)
[2019.04.27-19.38.11:138][874]LogModuleManager: Shutting down and abandoning module LinuxNoEditorTargetPlatform (115)
[2019.04.27-19.38.11:138][874]LogModuleManager: Shutting down and abandoning module LinuxClientTargetPlatform (113)
[2019.04.27-19.38.11:138][874]LogModuleManager: Shutting down and abandoning module TVOSTargetPlatform (111)
[2019.04.27-19.38.11:139][874]LogModuleManager: Shutting down and abandoning module Messaging (109)
[2019.04.27-19.38.11:139][874]LogModuleManager: Shutting down and abandoning module IOSTargetPlatform (107)
[2019.04.27-19.38.11:139][874]LogModuleManager: Shutting down and abandoning module HTML5TargetPlatform (105)
[2019.04.27-19.38.11:139][874]LogModuleManager: Shutting down and abandoning module AndroidTargetPlatform (103)
[2019.04.27-19.38.11:139][874]LogModuleManager: Shutting down and abandoning module Android_PVRTCTargetPlatform (101)
[2019.04.27-19.38.11:139][874]LogModuleManager: Shutting down and abandoning module Android_MultiTargetPlatform (99)
[2019.04.27-19.38.11:139][874]LogModuleManager: Shutting down and abandoning module Android_ETC2TargetPlatform (97)
[2019.04.27-19.38.11:139][874]LogModuleManager: Shutting down and abandoning module Android_ETC1TargetPlatform (95)
[2019.04.27-19.38.11:139][874]LogModuleManager: Shutting down and abandoning module Android_ETC1aTargetPlatform (93)
[2019.04.27-19.38.11:139][874]LogModuleManager: Shutting down and abandoning module Android_DXTTargetPlatform (91)
[2019.04.27-19.38.11:139][874]LogModuleManager: Shutting down and abandoning module Android_ATCTargetPlatform (89)
[2019.04.27-19.38.11:139][874]LogModuleManager: Shutting down and abandoning module Android_ASTCTargetPlatform (87)
[2019.04.27-19.38.11:139][874]LogModuleManager: Shutting down and abandoning module WindowsTargetPlatform (85)
[2019.04.27-19.38.11:139][874]LogModuleManager: Shutting down and abandoning module WindowsServerTargetPlatform (83)
[2019.04.27-19.38.11:139][874]LogModuleManager: Shutting down and abandoning module WindowsNoEditorTargetPlatform (81)
[2019.04.27-19.38.11:139][874]LogModuleManager: Shutting down and abandoning module WindowsClientTargetPlatform (79)
[2019.04.27-19.38.11:139][874]LogModuleManager: Shutting down and abandoning module MacTargetPlatform (77)
[2019.04.27-19.38.11:139][874]LogModuleManager: Shutting down and abandoning module MacServerTargetPlatform (75)
[2019.04.27-19.38.11:139][874]LogModuleManager: Shutting down and abandoning module MacNoEditorTargetPlatform (73)
[2019.04.27-19.38.11:139][874]LogModuleManager: Shutting down and abandoning module MacClientTargetPlatform (71)
[2019.04.27-19.38.11:139][874]LogModuleManager: Shutting down and abandoning module AllDesktopTargetPlatform (69)
[2019.04.27-19.38.11:139][874]LogModuleManager: Shutting down and abandoning module InputCore (66)
[2019.04.27-19.38.11:139][874]LogModuleManager: Shutting down and abandoning module Settings (64)
[2019.04.27-19.38.11:139][874]LogModuleManager: Shutting down and abandoning module PhysXCooking (62)
[2019.04.27-19.38.11:139][874]LogModuleManager: Shutting down and abandoning module SteamVR (60)
[2019.04.27-19.38.11:139][874]LogModuleManager: Shutting down and abandoning module OculusHMD (58)
[2019.04.27-19.38.11:139][874]LogModuleManager: Shutting down and abandoning module ExampleDeviceProfileSelector (56)
[2019.04.27-19.38.11:139][874]LogModuleManager: Shutting down and abandoning module AppleARKit (54)
[2019.04.27-19.38.11:139][874]LogModuleManager: Shutting down and abandoning module AugmentedReality (51)
[2019.04.27-19.38.11:139][874]LogModuleManager: Shutting down and abandoning module OnlineBlueprintSupport (48)
[2019.04.27-19.38.11:139][874]LogModuleManager: Shutting down and abandoning module OnlineSubsystem (44)
[2019.04.27-19.38.11:139][874]LogModuleManager: Shutting down and abandoning module XMPP (43)
[2019.04.27-19.38.11:139][874]LogModuleManager: Shutting down and abandoning module HTTP (41)
[2019.04.27-19.38.11:139][874]LogHttp: Display: Http module shutting down, but needs to wait on 1 outstanding Http requests:
[2019.04.27-19.38.11:139][874]LogHttp: Display: 	verb=[POST] url=[https://datarouter.ol.epicgames.com/datarouter/api/v1/public/data?SessionID=%7B3CC73743-4036-82E8-1B3B-C2915F2A50DD%7D&AppID=UEEditor.Rocket.Release&AppVersion=4.19.2-4033788%2B%2B%2BUE4%2BRelease-4.19&UserID=aa9125aa4061536cd3c7239ddaf0406a%7C9661fb6b3fdc48d19438d13e5fa284de%7C9a639262-9147-4ab2-b873-804697844a9c&AppEnvironment=datacollector-binary&UploadType=eteventstream] status=Processing
[2019.04.27-19.38.11:151][874]LogModuleManager: Shutting down and abandoning module SSL (40)
[2019.04.27-19.38.11:152][874]LogModuleManager: Shutting down and abandoning module AnimationModifiers (36)
[2019.04.27-19.38.11:152][874]LogModuleManager: Shutting down and abandoning module PropertyEditor (35)
[2019.04.27-19.38.11:152][874]LogModuleManager: Shutting down and abandoning module AudioEditor (32)
[2019.04.27-19.38.11:152][874]LogModuleManager: Shutting down and abandoning module TextureCompressor (30)
[2019.04.27-19.38.11:152][874]LogModuleManager: Shutting down and abandoning module ShaderCore (28)
[2019.04.27-19.38.11:152][874]LogModuleManager: Shutting down and abandoning module Landscape (26)
[2019.04.27-19.38.11:152][874]LogModuleManager: Shutting down and abandoning module SlateRHIRenderer (24)
[2019.04.27-19.38.11:153][874]LogModuleManager: Shutting down and abandoning module OpenGLDrv (22)
[2019.04.27-19.38.11:153][874]LogModuleManager: Shutting down and abandoning module D3D11RHI (20)
[2019.04.27-19.38.11:153][874]LogModuleManager: Shutting down and abandoning module AnimGraphRuntime (18)
[2019.04.27-19.38.11:153][874]LogModuleManager: Shutting down and abandoning module Renderer (16)
[2019.04.27-19.38.11:153][874]LogModuleManager: Shutting down and abandoning module Engine (14)
[2019.04.27-19.38.11:153][874]LogModuleManager: Shutting down and abandoning module CoreUObject (12)
[2019.04.27-19.38.11:153][874]LogModuleManager: Shutting down and abandoning module NetworkFile (10)
[2019.04.27-19.38.11:153][874]LogModuleManager: Shutting down and abandoning module CookedIterativeFile (8)
[2019.04.27-19.38.11:153][874]LogModuleManager: Shutting down and abandoning module StreamingFile (6)
[2019.04.27-19.38.11:153][874]LogModuleManager: Shutting down and abandoning module SandboxFile (4)
[2019.04.27-19.38.11:153][874]LogModuleManager: Shutting down and abandoning module PakFile (2)
[2019.04.27-19.38.11:161][874]LogExit: Exiting.
[2019.04.27-19.38.11:185][874]Log file closed, 04/27/19 21:38:11
